[0.097s] Invoking command in '/home/farr97/arduinobot_ws/build/arduinobot_moveit': CMAKE_PREFIX_PATH=${CMAKE_PREFIX_PATH}:/opt/ros/jazzy /usr/bin/cmake --build /home/farr97/arduinobot_ws/build/arduinobot_moveit -- -j12 -l12
[0.250s] Invoked command in '/home/farr97/arduinobot_ws/build/arduinobot_moveit' returned '0': CMAKE_PREFIX_PATH=${CMAKE_PREFIX_PATH}:/opt/ros/jazzy /usr/bin/cmake --build /home/farr97/arduinobot_ws/build/arduinobot_moveit -- -j12 -l12
[0.317s] Invoking command in '/home/farr97/arduinobot_ws/build/arduinobot_moveit': CMAKE_PREFIX_PATH=${CMAKE_PREFIX_PATH}:/opt/ros/jazzy /usr/bin/cmake --install /home/farr97/arduinobot_ws/build/arduinobot_moveit
[0.334s] -- Install configuration: ""
[0.341s] -- Execute custom install script
[0.363s] -- Up-to-date symlink: /home/farr97/arduinobot_ws/install/arduinobot_moveit/share/arduinobot_moveit/launch/moveit.launch.py
[0.363s] -- Up-to-date symlink: /home/farr97/arduinobot_ws/install/arduinobot_moveit/share/arduinobot_moveit/config/arduinobot.srdf
[0.363s] -- Up-to-date symlink: /home/farr97/arduinobot_ws/install/arduinobot_moveit/share/arduinobot_moveit/config/initial_positions.yaml
[0.367s] -- Up-to-date symlink: /home/farr97/arduinobot_ws/install/arduinobot_moveit/share/arduinobot_moveit/config/joint_limits.yaml
[0.367s] -- Up-to-date symlink: /home/farr97/arduinobot_ws/install/arduinobot_moveit/share/arduinobot_moveit/config/kinematics.yaml
[0.367s] -- Up-to-date symlink: /home/farr97/arduinobot_ws/install/arduinobot_moveit/share/arduinobot_moveit/config/moveit_controllers.yaml
[0.367s] -- Up-to-date symlink: /home/farr97/arduinobot_ws/install/arduinobot_moveit/share/arduinobot_moveit/config/ompl_planning.yaml
[0.368s] -- Up-to-date symlink: /home/farr97/arduinobot_ws/install/arduinobot_moveit/share/arduinobot_moveit/config/pilz_cartesian_limits.yaml
[0.368s] -- Up-to-date symlink: /home/farr97/arduinobot_ws/install/arduinobot_moveit/share/arduinobot_moveit/config/pilz_planning.yaml
[0.368s] -- Up-to-date symlink: /home/farr97/arduinobot_ws/install/arduinobot_moveit/share/arduinobot_moveit/config/planning.yaml
[0.368s] -- Up-to-date symlink: /home/farr97/arduinobot_ws/install/arduinobot_moveit/share/ament_index/resource_index/package_run_dependencies/arduinobot_moveit
[0.368s] -- Up-to-date symlink: /home/farr97/arduinobot_ws/install/arduinobot_moveit/share/ament_index/resource_index/parent_prefix_path/arduinobot_moveit
[0.368s] -- Up-to-date symlink: /home/farr97/arduinobot_ws/install/arduinobot_moveit/share/arduinobot_moveit/environment/ament_prefix_path.sh
[0.368s] -- Up-to-date symlink: /home/farr97/arduinobot_ws/install/arduinobot_moveit/share/arduinobot_moveit/environment/ament_prefix_path.dsv
[0.368s] -- Up-to-date symlink: /home/farr97/arduinobot_ws/install/arduinobot_moveit/share/arduinobot_moveit/environment/path.sh
[0.369s] -- Up-to-date symlink: /home/farr97/arduinobot_ws/install/arduinobot_moveit/share/arduinobot_moveit/environment/path.dsv
[0.369s] -- Up-to-date symlink: /home/farr97/arduinobot_ws/install/arduinobot_moveit/share/arduinobot_moveit/local_setup.bash
[0.369s] -- Up-to-date symlink: /home/farr97/arduinobot_ws/install/arduinobot_moveit/share/arduinobot_moveit/local_setup.sh
[0.369s] -- Up-to-date symlink: /home/farr97/arduinobot_ws/install/arduinobot_moveit/share/arduinobot_moveit/local_setup.zsh
[0.369s] -- Up-to-date symlink: /home/farr97/arduinobot_ws/install/arduinobot_moveit/share/arduinobot_moveit/local_setup.dsv
[0.369s] -- Symlinking: /home/farr97/arduinobot_ws/install/arduinobot_moveit/share/arduinobot_moveit/package.dsv
[0.410s] -- Up-to-date symlink: /home/farr97/arduinobot_ws/install/arduinobot_moveit/share/ament_index/resource_index/packages/arduinobot_moveit
[0.410s] -- Up-to-date symlink: /home/farr97/arduinobot_ws/install/arduinobot_moveit/share/arduinobot_moveit/cmake/arduinobot_moveitConfig.cmake
[0.410s] -- Up-to-date symlink: /home/farr97/arduinobot_ws/install/arduinobot_moveit/share/arduinobot_moveit/cmake/arduinobot_moveitConfig-version.cmake
[0.411s] -- Up-to-date symlink: /home/farr97/arduinobot_ws/install/arduinobot_moveit/share/arduinobot_moveit/package.xml
[0.415s] Invoked command in '/home/farr97/arduinobot_ws/build/arduinobot_moveit' returned '0': CMAKE_PREFIX_PATH=${CMAKE_PREFIX_PATH}:/opt/ros/jazzy /usr/bin/cmake --install /home/farr97/arduinobot_ws/build/arduinobot_moveit
