-- Found ament_cmake: 2.5.2 (/opt/ros/jazzy/share/ament_cmake/cmake)
-- Override CMake install command with custom implementation using symlinks instead of copying resources
-- Found rclcpp: 28.1.5 (/opt/ros/jazzy/share/rclcpp/cmake)
-- Found rosidl_generator_c: 4.6.4 (/opt/ros/jazzy/share/rosidl_generator_c/cmake)
-- Found rosidl_generator_cpp: 4.6.4 (/opt/ros/jazzy/share/rosidl_generator_cpp/cmake)
-- Using all available rosidl_typesupport_c: rosidl_typesupport_fastrtps_c;rosidl_typesupport_introspection_c
-- Using all available rosidl_typesupport_cpp: rosidl_typesupport_fastrtps_cpp;rosidl_typesupport_introspection_cpp
-- Found rmw_implementation_cmake: 7.3.1 (/opt/ros/jazzy/share/rmw_implementation_cmake/cmake)
-- Found rmw_cyclonedds_cpp: 2.2.2 (/opt/ros/jazzy/share/rmw_cyclonedds_cpp/cmake)
-- Using RMW implementation 'rmw_cyclonedds_cpp' as default
-- Found std_msgs: 5.3.5 (/opt/ros/jazzy/share/std_msgs/cmake)
-- Found ament_lint_auto: 0.17.1 (/opt/ros/jazzy/share/ament_lint_auto/cmake)
-- Added test 'cppcheck' to perform static code analysis on C / C++ code
-- Configured cppcheck include dirs: 
-- Configured cppcheck exclude dirs and/or files: 
-- Added test 'lint_cmake' to check CMake code style
-- Added test 'uncrustify' to check C / C++ code style
-- Configured uncrustify additional arguments: 
-- Added test 'xmllint' to check XML markup files
-- Configuring done (0.9s)
-- Generating done (0.0s)
-- Build files have been written to: /home/farr97/arduinobot_ws/build/arduinobot_firmware
[100%] Built target serial_transmitter
-- Install configuration: ""
-- Execute custom install script
-- Up-to-date symlink: /home/farr97/arduinobot_ws/install/arduinobot_firmware/lib/arduinobot_firmware/serial_transmitter
-- Up-to-date symlink: /home/farr97/arduinobot_ws/install/arduinobot_firmware/share/ament_index/resource_index/package_run_dependencies/arduinobot_firmware
-- Up-to-date symlink: /home/farr97/arduinobot_ws/install/arduinobot_firmware/share/ament_index/resource_index/parent_prefix_path/arduinobot_firmware
-- Up-to-date symlink: /home/farr97/arduinobot_ws/install/arduinobot_firmware/share/arduinobot_firmware/environment/ament_prefix_path.sh
-- Up-to-date symlink: /home/farr97/arduinobot_ws/install/arduinobot_firmware/share/arduinobot_firmware/environment/ament_prefix_path.dsv
-- Up-to-date symlink: /home/farr97/arduinobot_ws/install/arduinobot_firmware/share/arduinobot_firmware/environment/path.sh
-- Up-to-date symlink: /home/farr97/arduinobot_ws/install/arduinobot_firmware/share/arduinobot_firmware/environment/path.dsv
-- Up-to-date symlink: /home/farr97/arduinobot_ws/install/arduinobot_firmware/share/arduinobot_firmware/local_setup.bash
-- Up-to-date symlink: /home/farr97/arduinobot_ws/install/arduinobot_firmware/share/arduinobot_firmware/local_setup.sh
-- Up-to-date symlink: /home/farr97/arduinobot_ws/install/arduinobot_firmware/share/arduinobot_firmware/local_setup.zsh
-- Up-to-date symlink: /home/farr97/arduinobot_ws/install/arduinobot_firmware/share/arduinobot_firmware/local_setup.dsv
-- Symlinking: /home/farr97/arduinobot_ws/install/arduinobot_firmware/share/arduinobot_firmware/package.dsv
-- Up-to-date symlink: /home/farr97/arduinobot_ws/install/arduinobot_firmware/share/ament_index/resource_index/packages/arduinobot_firmware
-- Up-to-date symlink: /home/farr97/arduinobot_ws/install/arduinobot_firmware/share/arduinobot_firmware/cmake/arduinobot_firmwareConfig.cmake
-- Up-to-date symlink: /home/farr97/arduinobot_ws/install/arduinobot_firmware/share/arduinobot_firmware/cmake/arduinobot_firmwareConfig-version.cmake
-- Up-to-date symlink: /home/farr97/arduinobot_ws/install/arduinobot_firmware/share/arduinobot_firmware/package.xml
