[0.026s] Invoking command in '/home/farr97/arduinobot_ws/build/arduinobot_firmware': CMAKE_PREFIX_PATH=${CMAKE_PREFIX_PATH}:/opt/ros/jazzy /usr/bin/cmake /home/farr97/arduinobot_ws/src/arduinobot_firmware -DCMAKE_INSTALL_PREFIX=/home/farr97/arduinobot_ws/install/arduinobot_firmware
[0.060s] -- Found ament_cmake: 2.5.2 (/opt/ros/jazzy/share/ament_cmake/cmake)
[0.301s] -- Override CMake install command with custom implementation using symlinks instead of copying resources
[0.309s] -- Found rclcpp: 28.1.5 (/opt/ros/jazzy/share/rclcpp/cmake)
[0.504s] -- Found rosidl_generator_c: 4.6.4 (/opt/ros/jazzy/share/rosidl_generator_c/cmake)
[0.516s] -- Found rosidl_generator_cpp: 4.6.4 (/opt/ros/jazzy/share/rosidl_generator_cpp/cmake)
[0.534s] -- Using all available rosidl_typesupport_c: rosidl_typesupport_fastrtps_c;rosidl_typesupport_introspection_c
[0.553s] -- Using all available rosidl_typesupport_cpp: rosidl_typesupport_fastrtps_cpp;rosidl_typesupport_introspection_cpp
[0.622s] -- Found rmw_implementation_cmake: 7.3.1 (/opt/ros/jazzy/share/rmw_implementation_cmake/cmake)
[0.625s] -- Found rmw_cyclonedds_cpp: 2.2.2 (/opt/ros/jazzy/share/rmw_cyclonedds_cpp/cmake)
[0.808s] -- Using RMW implementation 'rmw_cyclonedds_cpp' as default
[0.864s] -- Found std_msgs: 5.3.5 (/opt/ros/jazzy/share/std_msgs/cmake)
[0.885s] -- Found ament_lint_auto: 0.17.1 (/opt/ros/jazzy/share/ament_lint_auto/cmake)
[0.977s] -- Added test 'cppcheck' to perform static code analysis on C / C++ code
[0.977s] -- Configured cppcheck include dirs: 
[0.977s] -- Configured cppcheck exclude dirs and/or files: 
[0.977s] -- Added test 'lint_cmake' to check CMake code style
[0.978s] -- Added test 'uncrustify' to check C / C++ code style
[0.978s] -- Configured uncrustify additional arguments: 
[0.978s] -- Added test 'xmllint' to check XML markup files
[0.979s] -- Configuring done (0.9s)
[0.990s] -- Generating done (0.0s)
[0.992s] -- Build files have been written to: /home/farr97/arduinobot_ws/build/arduinobot_firmware
[1.001s] Invoked command in '/home/farr97/arduinobot_ws/build/arduinobot_firmware' returned '0': CMAKE_PREFIX_PATH=${CMAKE_PREFIX_PATH}:/opt/ros/jazzy /usr/bin/cmake /home/farr97/arduinobot_ws/src/arduinobot_firmware -DCMAKE_INSTALL_PREFIX=/home/farr97/arduinobot_ws/install/arduinobot_firmware
[1.002s] Invoking command in '/home/farr97/arduinobot_ws/build/arduinobot_firmware': CMAKE_PREFIX_PATH=${CMAKE_PREFIX_PATH}:/opt/ros/jazzy /usr/bin/cmake --build /home/farr97/arduinobot_ws/build/arduinobot_firmware -- -j12 -l12
[1.057s] [100%] Built target serial_transmitter
[1.068s] Invoked command in '/home/farr97/arduinobot_ws/build/arduinobot_firmware' returned '0': CMAKE_PREFIX_PATH=${CMAKE_PREFIX_PATH}:/opt/ros/jazzy /usr/bin/cmake --build /home/farr97/arduinobot_ws/build/arduinobot_firmware -- -j12 -l12
[1.090s] Invoking command in '/home/farr97/arduinobot_ws/build/arduinobot_firmware': CMAKE_PREFIX_PATH=${CMAKE_PREFIX_PATH}:/opt/ros/jazzy /usr/bin/cmake --install /home/farr97/arduinobot_ws/build/arduinobot_firmware
[1.098s] -- Install configuration: ""
[1.098s] -- Execute custom install script
[1.098s] -- Up-to-date symlink: /home/farr97/arduinobot_ws/install/arduinobot_firmware/lib/arduinobot_firmware/serial_transmitter
[1.098s] -- Up-to-date symlink: /home/farr97/arduinobot_ws/install/arduinobot_firmware/share/ament_index/resource_index/package_run_dependencies/arduinobot_firmware
[1.098s] -- Up-to-date symlink: /home/farr97/arduinobot_ws/install/arduinobot_firmware/share/ament_index/resource_index/parent_prefix_path/arduinobot_firmware
[1.099s] -- Up-to-date symlink: /home/farr97/arduinobot_ws/install/arduinobot_firmware/share/arduinobot_firmware/environment/ament_prefix_path.sh
[1.099s] -- Up-to-date symlink: /home/farr97/arduinobot_ws/install/arduinobot_firmware/share/arduinobot_firmware/environment/ament_prefix_path.dsv
[1.099s] -- Up-to-date symlink: /home/farr97/arduinobot_ws/install/arduinobot_firmware/share/arduinobot_firmware/environment/path.sh
[1.100s] -- Up-to-date symlink: /home/farr97/arduinobot_ws/install/arduinobot_firmware/share/arduinobot_firmware/environment/path.dsv
[1.100s] -- Up-to-date symlink: /home/farr97/arduinobot_ws/install/arduinobot_firmware/share/arduinobot_firmware/local_setup.bash
[1.100s] -- Up-to-date symlink: /home/farr97/arduinobot_ws/install/arduinobot_firmware/share/arduinobot_firmware/local_setup.sh
[1.100s] -- Up-to-date symlink: /home/farr97/arduinobot_ws/install/arduinobot_firmware/share/arduinobot_firmware/local_setup.zsh
[1.100s] -- Up-to-date symlink: /home/farr97/arduinobot_ws/install/arduinobot_firmware/share/arduinobot_firmware/local_setup.dsv
[1.100s] -- Symlinking: /home/farr97/arduinobot_ws/install/arduinobot_firmware/share/arduinobot_firmware/package.dsv
[1.109s] -- Up-to-date symlink: /home/farr97/arduinobot_ws/install/arduinobot_firmware/share/ament_index/resource_index/packages/arduinobot_firmware
[1.109s] -- Up-to-date symlink: /home/farr97/arduinobot_ws/install/arduinobot_firmware/share/arduinobot_firmware/cmake/arduinobot_firmwareConfig.cmake
[1.109s] -- Up-to-date symlink: /home/farr97/arduinobot_ws/install/arduinobot_firmware/share/arduinobot_firmware/cmake/arduinobot_firmwareConfig-version.cmake
[1.109s] -- Up-to-date symlink: /home/farr97/arduinobot_ws/install/arduinobot_firmware/share/arduinobot_firmware/package.xml
[1.111s] Invoked command in '/home/farr97/arduinobot_ws/build/arduinobot_firmware' returned '0': CMAKE_PREFIX_PATH=${CMAKE_PREFIX_PATH}:/opt/ros/jazzy /usr/bin/cmake --install /home/farr97/arduinobot_ws/build/arduinobot_firmware
