[0.060s] Invoking command in '/home/farr97/arduinobot_ws/build/arduinobot_moveit': CMAKE_PREFIX_PATH=${CMAKE_PREFIX_PATH}:/opt/ros/jazzy /usr/bin/cmake /home/farr97/arduinobot_ws/src/arduinobot_moveit -DCMAKE_INSTALL_PREFIX=/home/farr97/arduinobot_ws/install/arduinobot_moveit
[0.074s] -- Found ament_cmake: 2.5.2 (/opt/ros/jazzy/share/ament_cmake/cmake)
[0.344s] -- Override CMake install command with custom implementation using symlinks instead of copying resources
[0.351s] -- Found ament_lint_auto: 0.17.1 (/opt/ros/jazzy/share/ament_lint_auto/cmake)
[0.490s] -- Added test 'flake8' to check Python code syntax and style conventions
[0.491s] -- Configured 'flake8' exclude dirs and/or files: 
[0.491s] -- Added test 'lint_cmake' to check CMake code style
[0.492s] -- Added test 'pep257' to check Python code against some of the docstring style conventions in PEP 257
[0.492s] -- Added test 'xmllint' to check XML markup files
[0.494s] -- Configuring done (0.4s)
[0.498s] -- Generating done (0.0s)
[0.499s] -- Build files have been written to: /home/farr97/arduinobot_ws/build/arduinobot_moveit
[0.511s] Invoked command in '/home/farr97/arduinobot_ws/build/arduinobot_moveit' returned '0': CMAKE_PREFIX_PATH=${CMAKE_PREFIX_PATH}:/opt/ros/jazzy /usr/bin/cmake /home/farr97/arduinobot_ws/src/arduinobot_moveit -DCMAKE_INSTALL_PREFIX=/home/farr97/arduinobot_ws/install/arduinobot_moveit
[0.513s] Invoking command in '/home/farr97/arduinobot_ws/build/arduinobot_moveit': CMAKE_PREFIX_PATH=${CMAKE_PREFIX_PATH}:/opt/ros/jazzy /usr/bin/cmake --build /home/farr97/arduinobot_ws/build/arduinobot_moveit -- -j12 -l12
[0.566s] Invoked command in '/home/farr97/arduinobot_ws/build/arduinobot_moveit' returned '0': CMAKE_PREFIX_PATH=${CMAKE_PREFIX_PATH}:/opt/ros/jazzy /usr/bin/cmake --build /home/farr97/arduinobot_ws/build/arduinobot_moveit -- -j12 -l12
[0.595s] Invoking command in '/home/farr97/arduinobot_ws/build/arduinobot_moveit': CMAKE_PREFIX_PATH=${CMAKE_PREFIX_PATH}:/opt/ros/jazzy /usr/bin/cmake --install /home/farr97/arduinobot_ws/build/arduinobot_moveit
[0.604s] -- Install configuration: ""
[0.604s] -- Execute custom install script
[0.605s] -- Up-to-date symlink: /home/farr97/arduinobot_ws/install/arduinobot_moveit/share/arduinobot_moveit/launch/moveit.launch.py
[0.606s] -- Up-to-date symlink: /home/farr97/arduinobot_ws/install/arduinobot_moveit/share/arduinobot_moveit/config/arduinobot.srdf
[0.606s] -- Up-to-date symlink: /home/farr97/arduinobot_ws/install/arduinobot_moveit/share/arduinobot_moveit/config/initial_positions.yaml
[0.606s] -- Up-to-date symlink: /home/farr97/arduinobot_ws/install/arduinobot_moveit/share/arduinobot_moveit/config/joint_limits.yaml
[0.606s] -- Up-to-date symlink: /home/farr97/arduinobot_ws/install/arduinobot_moveit/share/arduinobot_moveit/config/kinematics.yaml
[0.606s] -- Up-to-date symlink: /home/farr97/arduinobot_ws/install/arduinobot_moveit/share/arduinobot_moveit/config/moveit_controllers.yaml
[0.606s] -- Up-to-date symlink: /home/farr97/arduinobot_ws/install/arduinobot_moveit/share/arduinobot_moveit/config/ompl_planning.yaml
[0.607s] -- Up-to-date symlink: /home/farr97/arduinobot_ws/install/arduinobot_moveit/share/arduinobot_moveit/config/pilz_cartesian_limits.yaml
[0.607s] -- Up-to-date symlink: /home/farr97/arduinobot_ws/install/arduinobot_moveit/share/arduinobot_moveit/config/pilz_planning.yaml
[0.607s] -- Up-to-date symlink: /home/farr97/arduinobot_ws/install/arduinobot_moveit/share/arduinobot_moveit/config/planning.yaml
[0.607s] -- Up-to-date symlink: /home/farr97/arduinobot_ws/install/arduinobot_moveit/share/ament_index/resource_index/package_run_dependencies/arduinobot_moveit
[0.607s] -- Up-to-date symlink: /home/farr97/arduinobot_ws/install/arduinobot_moveit/share/ament_index/resource_index/parent_prefix_path/arduinobot_moveit
[0.607s] -- Up-to-date symlink: /home/farr97/arduinobot_ws/install/arduinobot_moveit/share/arduinobot_moveit/environment/ament_prefix_path.sh
[0.608s] -- Up-to-date symlink: /home/farr97/arduinobot_ws/install/arduinobot_moveit/share/arduinobot_moveit/environment/ament_prefix_path.dsv
[0.608s] -- Up-to-date symlink: /home/farr97/arduinobot_ws/install/arduinobot_moveit/share/arduinobot_moveit/environment/path.sh
[0.608s] -- Up-to-date symlink: /home/farr97/arduinobot_ws/install/arduinobot_moveit/share/arduinobot_moveit/environment/path.dsv
[0.609s] -- Up-to-date symlink: /home/farr97/arduinobot_ws/install/arduinobot_moveit/share/arduinobot_moveit/local_setup.bash
[0.609s] -- Up-to-date symlink: /home/farr97/arduinobot_ws/install/arduinobot_moveit/share/arduinobot_moveit/local_setup.sh
[0.609s] -- Up-to-date symlink: /home/farr97/arduinobot_ws/install/arduinobot_moveit/share/arduinobot_moveit/local_setup.zsh
[0.609s] -- Up-to-date symlink: /home/farr97/arduinobot_ws/install/arduinobot_moveit/share/arduinobot_moveit/local_setup.dsv
[0.609s] -- Symlinking: /home/farr97/arduinobot_ws/install/arduinobot_moveit/share/arduinobot_moveit/package.dsv
[0.620s] -- Up-to-date symlink: /home/farr97/arduinobot_ws/install/arduinobot_moveit/share/ament_index/resource_index/packages/arduinobot_moveit
[0.621s] -- Up-to-date symlink: /home/farr97/arduinobot_ws/install/arduinobot_moveit/share/arduinobot_moveit/cmake/arduinobot_moveitConfig.cmake
[0.621s] -- Up-to-date symlink: /home/farr97/arduinobot_ws/install/arduinobot_moveit/share/arduinobot_moveit/cmake/arduinobot_moveitConfig-version.cmake
[0.621s] -- Up-to-date symlink: /home/farr97/arduinobot_ws/install/arduinobot_moveit/share/arduinobot_moveit/package.xml
[0.623s] Invoked command in '/home/farr97/arduinobot_ws/build/arduinobot_moveit' returned '0': CMAKE_PREFIX_PATH=${CMAKE_PREFIX_PATH}:/opt/ros/jazzy /usr/bin/cmake --install /home/farr97/arduinobot_ws/build/arduinobot_moveit
