[0.106s] Invoking command in '/home/farr97/arduinobot_ws/build/arduinobot_firmware': CMAKE_PREFIX_PATH=${CMAKE_PREFIX_PATH}:/opt/ros/jazzy /usr/bin/cmake --build /home/farr97/arduinobot_ws/build/arduinobot_firmware -- -j12 -l12
[0.293s] [100%] Built target serial_transmitter
[0.338s] Invoked command in '/home/farr97/arduinobot_ws/build/arduinobot_firmware' returned '0': CMAKE_PREFIX_PATH=${CMAKE_PREFIX_PATH}:/opt/ros/jazzy /usr/bin/cmake --build /home/farr97/arduinobot_ws/build/arduinobot_firmware -- -j12 -l12
[0.535s] Invoking command in '/home/farr97/arduinobot_ws/build/arduinobot_firmware': CMAKE_PREFIX_PATH=${CMAKE_PREFIX_PATH}:/opt/ros/jazzy /usr/bin/cmake --install /home/farr97/arduinobot_ws/build/arduinobot_firmware
[0.581s] -- Install configuration: ""
[0.581s] -- Execute custom install script
[0.581s] -- Up-to-date symlink: /home/farr97/arduinobot_ws/install/arduinobot_firmware/lib/arduinobot_firmware/serial_transmitter
[0.581s] -- Up-to-date symlink: /home/farr97/arduinobot_ws/install/arduinobot_firmware/share/ament_index/resource_index/package_run_dependencies/arduinobot_firmware
[0.581s] -- Up-to-date symlink: /home/farr97/arduinobot_ws/install/arduinobot_firmware/share/ament_index/resource_index/parent_prefix_path/arduinobot_firmware
[0.581s] -- Up-to-date symlink: /home/farr97/arduinobot_ws/install/arduinobot_firmware/share/arduinobot_firmware/environment/ament_prefix_path.sh
[0.582s] -- Up-to-date symlink: /home/farr97/arduinobot_ws/install/arduinobot_firmware/share/arduinobot_firmware/environment/ament_prefix_path.dsv
[0.582s] -- Up-to-date symlink: /home/farr97/arduinobot_ws/install/arduinobot_firmware/share/arduinobot_firmware/environment/path.sh
[0.582s] -- Up-to-date symlink: /home/farr97/arduinobot_ws/install/arduinobot_firmware/share/arduinobot_firmware/environment/path.dsv
[0.582s] -- Up-to-date symlink: /home/farr97/arduinobot_ws/install/arduinobot_firmware/share/arduinobot_firmware/local_setup.bash
[0.582s] -- Up-to-date symlink: /home/farr97/arduinobot_ws/install/arduinobot_firmware/share/arduinobot_firmware/local_setup.sh
[0.582s] -- Up-to-date symlink: /home/farr97/arduinobot_ws/install/arduinobot_firmware/share/arduinobot_firmware/local_setup.zsh
[0.583s] -- Up-to-date symlink: /home/farr97/arduinobot_ws/install/arduinobot_firmware/share/arduinobot_firmware/local_setup.dsv
[0.583s] -- Symlinking: /home/farr97/arduinobot_ws/install/arduinobot_firmware/share/arduinobot_firmware/package.dsv
[0.590s] -- Up-to-date symlink: /home/farr97/arduinobot_ws/install/arduinobot_firmware/share/ament_index/resource_index/packages/arduinobot_firmware
[0.590s] -- Up-to-date symlink: /home/farr97/arduinobot_ws/install/arduinobot_firmware/share/arduinobot_firmware/cmake/arduinobot_firmwareConfig.cmake
[0.591s] -- Up-to-date symlink: /home/farr97/arduinobot_ws/install/arduinobot_firmware/share/arduinobot_firmware/cmake/arduinobot_firmwareConfig-version.cmake
[0.591s] -- Up-to-date symlink: /home/farr97/arduinobot_ws/install/arduinobot_firmware/share/arduinobot_firmware/package.xml
[0.642s] Invoked command in '/home/farr97/arduinobot_ws/build/arduinobot_firmware' returned '0': CMAKE_PREFIX_PATH=${CMAKE_PREFIX_PATH}:/opt/ros/jazzy /usr/bin/cmake --install /home/farr97/arduinobot_ws/build/arduinobot_firmware
