-- Install configuration: ""
-- Execute custom install script
-- Up-to-date symlink: /home/farr97/arduinobot_ws/install/arduinobot_description/share/arduinobot_description/launch/display.launch.py
-- Up-to-date symlink: /home/farr97/arduinobot_ws/install/arduinobot_description/share/arduinobot_description/launch/gazebo.launch.py
-- Up-to-date symlink: /home/farr97/arduinobot_ws/install/arduinobot_description/share/arduinobot_description/launch/robot_state_publisher.launch.py
-- Up-to-date symlink: /home/farr97/arduinobot_ws/install/arduinobot_description/share/arduinobot_description/urdf/arduinobot.urdf.xacro
-- Up-to-date symlink: /home/farr97/arduinobot_ws/install/arduinobot_description/share/arduinobot_description/urdf/arduinobot_gazebo.xacro
-- Up-to-date symlink: /home/farr97/arduinobot_ws/install/arduinobot_description/share/arduinobot_description/urdf/arduinobot_ros2_control.xacro
-- Up-to-date symlink: /home/farr97/arduinobot_ws/install/arduinobot_description/share/arduinobot_description/urdf/arms.xacro
-- Up-to-date symlink: /home/farr97/arduinobot_ws/install/arduinobot_description/share/arduinobot_description/urdf/base_and_base_plate.xacro
-- Up-to-date symlink: /home/farr97/arduinobot_ws/install/arduinobot_description/share/arduinobot_description/urdf/camera.xacro
-- Up-to-date symlink: /home/farr97/arduinobot_ws/install/arduinobot_description/share/arduinobot_description/urdf/connectors.xacro
-- Up-to-date symlink: /home/farr97/arduinobot_ws/install/arduinobot_description/share/arduinobot_description/urdf/grippers.xacro
-- Up-to-date symlink: /home/farr97/arduinobot_ws/install/arduinobot_description/share/arduinobot_description/urdf/properties.xacro
-- Up-to-date symlink: /home/farr97/arduinobot_ws/install/arduinobot_description/share/arduinobot_description/meshes/Gripp_supporter.stl
-- Up-to-date symlink: /home/farr97/arduinobot_ws/install/arduinobot_description/share/arduinobot_description/meshes/arm_1.stl
-- Up-to-date symlink: /home/farr97/arduinobot_ws/install/arduinobot_description/share/arduinobot_description/meshes/arm_2.stl
-- Up-to-date symlink: /home/farr97/arduinobot_ws/install/arduinobot_description/share/arduinobot_description/meshes/arm_3.stl
-- Up-to-date symlink: /home/farr97/arduinobot_ws/install/arduinobot_description/share/arduinobot_description/meshes/base_plate_2.001.stl
-- Up-to-date symlink: /home/farr97/arduinobot_ws/install/arduinobot_description/share/arduinobot_description/meshes/basement_1.stl
-- Up-to-date symlink: /home/farr97/arduinobot_ws/install/arduinobot_description/share/arduinobot_description/meshes/gripper_1.stl
-- Up-to-date symlink: /home/farr97/arduinobot_ws/install/arduinobot_description/share/arduinobot_description/meshes/gripper_2.stl
-- Up-to-date symlink: /home/farr97/arduinobot_ws/install/arduinobot_description/share/arduinobot_description/meshes/gripper_3.stl
-- Up-to-date symlink: /home/farr97/arduinobot_ws/install/arduinobot_description/share/arduinobot_description/meshes/inner_circle.stl
-- Up-to-date symlink: /home/farr97/arduinobot_ws/install/arduinobot_description/share/arduinobot_description/config/display.rviz
-- Up-to-date symlink: /home/farr97/arduinobot_ws/install/arduinobot_description/share/arduinobot_description/model.config
-- Up-to-date symlink: /home/farr97/arduinobot_ws/install/arduinobot_description/share/ament_index/resource_index/package_run_dependencies/arduinobot_description
-- Up-to-date symlink: /home/farr97/arduinobot_ws/install/arduinobot_description/share/ament_index/resource_index/parent_prefix_path/arduinobot_description
-- Up-to-date symlink: /home/farr97/arduinobot_ws/install/arduinobot_description/share/arduinobot_description/environment/ament_prefix_path.sh
-- Up-to-date symlink: /home/farr97/arduinobot_ws/install/arduinobot_description/share/arduinobot_description/environment/ament_prefix_path.dsv
-- Up-to-date symlink: /home/farr97/arduinobot_ws/install/arduinobot_description/share/arduinobot_description/environment/path.sh
-- Up-to-date symlink: /home/farr97/arduinobot_ws/install/arduinobot_description/share/arduinobot_description/environment/path.dsv
-- Up-to-date symlink: /home/farr97/arduinobot_ws/install/arduinobot_description/share/arduinobot_description/local_setup.bash
-- Up-to-date symlink: /home/farr97/arduinobot_ws/install/arduinobot_description/share/arduinobot_description/local_setup.sh
-- Up-to-date symlink: /home/farr97/arduinobot_ws/install/arduinobot_description/share/arduinobot_description/local_setup.zsh
-- Up-to-date symlink: /home/farr97/arduinobot_ws/install/arduinobot_description/share/arduinobot_description/local_setup.dsv
-- Symlinking: /home/farr97/arduinobot_ws/install/arduinobot_description/share/arduinobot_description/package.dsv
-- Up-to-date symlink: /home/farr97/arduinobot_ws/install/arduinobot_description/share/ament_index/resource_index/packages/arduinobot_description
-- Up-to-date symlink: /home/farr97/arduinobot_ws/install/arduinobot_description/share/arduinobot_description/cmake/arduinobot_descriptionConfig.cmake
-- Up-to-date symlink: /home/farr97/arduinobot_ws/install/arduinobot_description/share/arduinobot_description/cmake/arduinobot_descriptionConfig-version.cmake
-- Up-to-date symlink: /home/farr97/arduinobot_ws/install/arduinobot_description/share/arduinobot_description/package.xml
