[0.070s] Invoking command in '/home/farr97/arduinobot_ws/build/arduinobot_controller': CMAKE_PREFIX_PATH=${CMAKE_PREFIX_PATH}:/opt/ros/jazzy /usr/bin/cmake --build /home/farr97/arduinobot_ws/build/arduinobot_controller -- -j12 -l12
[0.281s] Invoked command in '/home/farr97/arduinobot_ws/build/arduinobot_controller' returned '0': CMAKE_PREFIX_PATH=${CMAKE_PREFIX_PATH}:/opt/ros/jazzy /usr/bin/cmake --build /home/farr97/arduinobot_ws/build/arduinobot_controller -- -j12 -l12
[0.347s] Invoking command in '/home/farr97/arduinobot_ws/build/arduinobot_controller': CMAKE_PREFIX_PATH=${CMAKE_PREFIX_PATH}:/opt/ros/jazzy /usr/bin/cmake --install /home/farr97/arduinobot_ws/build/arduinobot_controller
[0.368s] -- Install configuration: ""
[0.368s] -- Execute custom install script
[0.392s] -- Up-to-date symlink: /home/farr97/arduinobot_ws/install/arduinobot_controller/share/arduinobot_controller/config/arduinobot_controllers.yaml
[0.392s] -- Up-to-date symlink: /home/farr97/arduinobot_ws/install/arduinobot_controller/share/arduinobot_controller/config/bridge_parameter.yaml
[0.392s] -- Up-to-date symlink: /home/farr97/arduinobot_ws/install/arduinobot_controller/share/arduinobot_controller/launch/controller.launch.py
[0.392s] -- Up-to-date symlink: /home/farr97/arduinobot_ws/install/arduinobot_controller/share/ament_index/resource_index/package_run_dependencies/arduinobot_controller
[0.392s] -- Up-to-date symlink: /home/farr97/arduinobot_ws/install/arduinobot_controller/share/ament_index/resource_index/parent_prefix_path/arduinobot_controller
[0.392s] -- Up-to-date symlink: /home/farr97/arduinobot_ws/install/arduinobot_controller/share/arduinobot_controller/environment/ament_prefix_path.sh
[0.392s] -- Up-to-date symlink: /home/farr97/arduinobot_ws/install/arduinobot_controller/share/arduinobot_controller/environment/ament_prefix_path.dsv
[0.393s] -- Up-to-date symlink: /home/farr97/arduinobot_ws/install/arduinobot_controller/share/arduinobot_controller/environment/path.sh
[0.393s] -- Up-to-date symlink: /home/farr97/arduinobot_ws/install/arduinobot_controller/share/arduinobot_controller/environment/path.dsv
[0.393s] -- Up-to-date symlink: /home/farr97/arduinobot_ws/install/arduinobot_controller/share/arduinobot_controller/local_setup.bash
[0.396s] -- Up-to-date symlink: /home/farr97/arduinobot_ws/install/arduinobot_controller/share/arduinobot_controller/local_setup.sh
[0.397s] -- Up-to-date symlink: /home/farr97/arduinobot_ws/install/arduinobot_controller/share/arduinobot_controller/local_setup.zsh
[0.397s] -- Up-to-date symlink: /home/farr97/arduinobot_ws/install/arduinobot_controller/share/arduinobot_controller/local_setup.dsv
[0.397s] -- Symlinking: /home/farr97/arduinobot_ws/install/arduinobot_controller/share/arduinobot_controller/package.dsv
[0.465s] -- Up-to-date symlink: /home/farr97/arduinobot_ws/install/arduinobot_controller/share/ament_index/resource_index/packages/arduinobot_controller
[0.465s] -- Up-to-date symlink: /home/farr97/arduinobot_ws/install/arduinobot_controller/share/arduinobot_controller/cmake/arduinobot_controllerConfig.cmake
[0.475s] -- Up-to-date symlink: /home/farr97/arduinobot_ws/install/arduinobot_controller/share/arduinobot_controller/cmake/arduinobot_controllerConfig-version.cmake
[0.476s] -- Up-to-date symlink: /home/farr97/arduinobot_ws/install/arduinobot_controller/share/arduinobot_controller/package.xml
[0.557s] Invoked command in '/home/farr97/arduinobot_ws/build/arduinobot_controller' returned '0': CMAKE_PREFIX_PATH=${CMAKE_PREFIX_PATH}:/opt/ros/jazzy /usr/bin/cmake --install /home/farr97/arduinobot_ws/build/arduinobot_controller
