[0.120s] Invoking command in '/home/farr97/arduinobot_ws/build/arduinobot_remote': CMAKE_PREFIX_PATH=/home/farr97/arduinobot_ws/install/arduinobot_msgs:/home/farr97/arduinobot_ws/install/arduinobot_utils:/home/farr97/arduinobot_ws/install/arduinobot_remote:/home/farr97/arduinobot_ws/install/arduinobot_cpp_examples:/home/farr97/arduinobot_ws/install/arduinobot_moveit:/home/farr97/arduinobot_ws/install/arduinobot_firmware:/home/farr97/arduinobot_ws/install/arduinobot_description:/home/farr97/arduinobot_ws/install/arduinobot_controller:/opt/ros/jazzy/opt/gz_sim_vendor:/opt/ros/jazzy/opt/gz_sensors_vendor:/opt/ros/jazzy/opt/gz_physics_vendor:/opt/ros/jazzy/opt/sdformat_vendor:/opt/ros/jazzy/opt/gz_gui_vendor:/opt/ros/jazzy/opt/gz_transport_vendor:/opt/ros/jazzy/opt/gz_rendering_vendor:/opt/ros/jazzy/opt/gz_plugin_vendor:/opt/ros/jazzy/opt/gz_fuel_tools_vendor:/opt/ros/jazzy/opt/gz_msgs_vendor:/opt/ros/jazzy/opt/gz_common_vendor:/opt/ros/jazzy/opt/gz_math_vendor:/opt/ros/jazzy/opt/gz_utils_vendor:/opt/ros/jazzy/opt/gz_tools_vendor:/opt/ros/jazzy/opt/gz_ogre_next_vendor:/opt/ros/jazzy/opt/gz_dartsim_vendor:/opt/ros/jazzy/opt/gz_cmake_vendor:/opt/ros/jazzy LD_LIBRARY_PATH=/home/farr97/arduinobot_ws/install/arduinobot_msgs/lib:/home/farr97/arduinobot_ws/install/arduinobot_remote/lib:/home/farr97/arduinobot_ws/install/arduinobot_cpp_examples/lib:/opt/ros/jazzy/opt/gz_sim_vendor/lib:/opt/ros/jazzy/opt/gz_sensors_vendor/lib:/opt/ros/jazzy/opt/gz_physics_vendor/lib:/opt/ros/jazzy/opt/sdformat_vendor/lib:/opt/ros/jazzy/opt/rviz_ogre_vendor/lib:/opt/ros/jazzy/lib/x86_64-linux-gnu:/opt/ros/jazzy/opt/gz_gui_vendor/lib:/opt/ros/jazzy/opt/gz_transport_vendor/lib:/opt/ros/jazzy/opt/gz_rendering_vendor/lib:/opt/ros/jazzy/opt/gz_plugin_vendor/lib:/opt/ros/jazzy/opt/gz_fuel_tools_vendor/lib:/opt/ros/jazzy/opt/gz_msgs_vendor/lib:/opt/ros/jazzy/opt/gz_common_vendor/lib:/opt/ros/jazzy/opt/gz_math_vendor/lib:/opt/ros/jazzy/opt/gz_utils_vendor/lib:/opt/ros/jazzy/opt/gz_tools_vendor/lib:/opt/ros/jazzy/opt/gz_ogre_next_vendor/lib:/opt/ros/jazzy/opt/gz_dartsim_vendor/lib:/opt/ros/jazzy/opt/gz_cmake_vendor/lib:/opt/ros/jazzy/lib /usr/bin/cmake /home/farr97/arduinobot_ws/src/arduinobot_remote -DAMENT_CMAKE_SYMLINK_INSTALL=1 -DCMAKE_INSTALL_PREFIX=/home/farr97/arduinobot_ws/install/arduinobot_remote
[0.250s] -- The C compiler identification is GNU 13.2.0
[0.988s] -- The CXX compiler identification is GNU 13.2.0
[1.634s] -- Detecting C compiler ABI info
[1.928s] -- Detecting C compiler ABI info - done
[1.936s] -- Check for working C compiler: /usr/bin/cc - skipped
[1.937s] -- Detecting C compile features
[1.937s] -- Detecting C compile features - done
[2.033s] -- Detecting CXX compiler ABI info
[2.278s] -- Detecting CXX compiler ABI info - done
[2.289s] -- Check for working CXX compiler: /usr/bin/c++ - skipped
[2.290s] -- Detecting CXX compile features
[2.290s] -- Detecting CXX compile features - done
[2.293s] -- Found ament_cmake: 2.5.2 (/opt/ros/jazzy/share/ament_cmake/cmake)
[2.447s] -- Found Python3: /usr/bin/python3 (found version "3.12.3") found components: Interpreter 
[2.524s] -- Override CMake install command with custom implementation using symlinks instead of copying resources
[2.575s] -- Found rclcpp: 28.1.5 (/opt/ros/jazzy/share/rclcpp/cmake)
[2.766s] -- Found rosidl_generator_c: 4.6.4 (/opt/ros/jazzy/share/rosidl_generator_c/cmake)
[2.781s] -- Found rosidl_generator_cpp: 4.6.4 (/opt/ros/jazzy/share/rosidl_generator_cpp/cmake)
[2.800s] -- Using all available rosidl_typesupport_c: rosidl_typesupport_fastrtps_c;rosidl_typesupport_introspection_c
[2.823s] -- Using all available rosidl_typesupport_cpp: rosidl_typesupport_fastrtps_cpp;rosidl_typesupport_introspection_cpp
[2.907s] -- Found rmw_implementation_cmake: 7.3.1 (/opt/ros/jazzy/share/rmw_implementation_cmake/cmake)
[2.911s] -- Found rmw_cyclonedds_cpp: 2.2.2 (/opt/ros/jazzy/share/rmw_cyclonedds_cpp/cmake)
[3.043s] -- Using RMW implementation 'rmw_cyclonedds_cpp' as default
[3.111s] -- Found rclcpp_action: 28.1.5 (/opt/ros/jazzy/share/rclcpp_action/cmake)
[3.155s] -- Found rclcpp_components: 28.1.5 (/opt/ros/jazzy/share/rclcpp_components/cmake)
[3.203s] -- Found moveit_ros_planning_interface: 2.10.0 (/opt/ros/jazzy/share/moveit_ros_planning_interface/cmake)
[3.414s] -- Found Boost: /usr/lib/x86_64-linux-gnu/cmake/Boost-1.83.0/BoostConfig.cmake (found version "1.83.0") found components: date_time filesystem program_options system thread 
[3.672s] -- Found Boost: /usr/lib/x86_64-linux-gnu/cmake/Boost-1.83.0/BoostConfig.cmake (found version "1.83.0") found components: chrono date_time filesystem iostreams program_options regex serialization system thread 
[5.177s] -- Found parameter_traits: 0.3.8 (/opt/ros/jazzy/share/parameter_traits/cmake)
[5.194s] -- Found rclcpp_lifecycle: 28.1.5 (/opt/ros/jazzy/share/rclcpp_lifecycle/cmake)
[5.234s] -- Found Boost: /usr/lib/x86_64-linux-gnu/cmake/Boost-1.83.0/BoostConfig.cmake (found version "1.83.0") found components: filesystem 
[5.342s] -- Found Eigen3: TRUE (found version "3.4.0") 
[5.342s] -- Ensuring Eigen3 include directory is part of orocos-kdl CMake target
[5.361s] -- Found TinyXML2 via Config file: /usr/lib/x86_64-linux-gnu/cmake/tinyxml2
[5.473s] -- Found Boost: /usr/lib/x86_64-linux-gnu/cmake/Boost-1.83.0/BoostConfig.cmake (found version "1.83.0") found components: system filesystem date_time program_options thread chrono 
[5.529s] -- Found Boost: /usr/lib/x86_64-linux-gnu/cmake/Boost-1.83.0/BoostConfig.cmake (found version "1.83.0") found components: thread system filesystem regex date_time program_options 
[5.631s] -- Found Boost: /usr/lib/x86_64-linux-gnu/cmake/Boost-1.83.0/BoostConfig.cmake (found version "1.83.0") found components: system filesystem date_time program_options thread 
[5.677s] -- Found arduinobot_msgs: 0.0.0 (/home/farr97/arduinobot_ws/install/arduinobot_msgs/share/arduinobot_msgs/cmake)
[5.708s] -- Found ament_lint_auto: 0.17.1 (/opt/ros/jazzy/share/ament_lint_auto/cmake)
[5.853s] -- Added test 'cppcheck' to perform static code analysis on C / C++ code
[5.854s] -- Configured cppcheck include dirs: $<BUILD_INTERFACE:/home/farr97/arduinobot_ws/src/arduinobot_remote/include>
[5.854s] -- Configured cppcheck exclude dirs and/or files: 
[5.857s] -- Added test 'cpplint' to check C / C++ code against the Google style
[5.857s] -- Configured cpplint exclude dirs and/or files: 
[5.859s] -- Added test 'lint_cmake' to check CMake code style
[5.862s] -- Added test 'uncrustify' to check C / C++ code style
[5.862s] -- Configured uncrustify additional arguments: 
[5.864s] -- Added test 'xmllint' to check XML markup files
[5.871s] -- Configuring done (5.7s)
[5.959s] -- Generating done (0.0s)
[5.966s] -- Build files have been written to: /home/farr97/arduinobot_ws/build/arduinobot_remote
[5.997s] Invoked command in '/home/farr97/arduinobot_ws/build/arduinobot_remote' returned '0': CMAKE_PREFIX_PATH=/home/farr97/arduinobot_ws/install/arduinobot_msgs:/home/farr97/arduinobot_ws/install/arduinobot_utils:/home/farr97/arduinobot_ws/install/arduinobot_remote:/home/farr97/arduinobot_ws/install/arduinobot_cpp_examples:/home/farr97/arduinobot_ws/install/arduinobot_moveit:/home/farr97/arduinobot_ws/install/arduinobot_firmware:/home/farr97/arduinobot_ws/install/arduinobot_description:/home/farr97/arduinobot_ws/install/arduinobot_controller:/opt/ros/jazzy/opt/gz_sim_vendor:/opt/ros/jazzy/opt/gz_sensors_vendor:/opt/ros/jazzy/opt/gz_physics_vendor:/opt/ros/jazzy/opt/sdformat_vendor:/opt/ros/jazzy/opt/gz_gui_vendor:/opt/ros/jazzy/opt/gz_transport_vendor:/opt/ros/jazzy/opt/gz_rendering_vendor:/opt/ros/jazzy/opt/gz_plugin_vendor:/opt/ros/jazzy/opt/gz_fuel_tools_vendor:/opt/ros/jazzy/opt/gz_msgs_vendor:/opt/ros/jazzy/opt/gz_common_vendor:/opt/ros/jazzy/opt/gz_math_vendor:/opt/ros/jazzy/opt/gz_utils_vendor:/opt/ros/jazzy/opt/gz_tools_vendor:/opt/ros/jazzy/opt/gz_ogre_next_vendor:/opt/ros/jazzy/opt/gz_dartsim_vendor:/opt/ros/jazzy/opt/gz_cmake_vendor:/opt/ros/jazzy LD_LIBRARY_PATH=/home/farr97/arduinobot_ws/install/arduinobot_msgs/lib:/home/farr97/arduinobot_ws/install/arduinobot_remote/lib:/home/farr97/arduinobot_ws/install/arduinobot_cpp_examples/lib:/opt/ros/jazzy/opt/gz_sim_vendor/lib:/opt/ros/jazzy/opt/gz_sensors_vendor/lib:/opt/ros/jazzy/opt/gz_physics_vendor/lib:/opt/ros/jazzy/opt/sdformat_vendor/lib:/opt/ros/jazzy/opt/rviz_ogre_vendor/lib:/opt/ros/jazzy/lib/x86_64-linux-gnu:/opt/ros/jazzy/opt/gz_gui_vendor/lib:/opt/ros/jazzy/opt/gz_transport_vendor/lib:/opt/ros/jazzy/opt/gz_rendering_vendor/lib:/opt/ros/jazzy/opt/gz_plugin_vendor/lib:/opt/ros/jazzy/opt/gz_fuel_tools_vendor/lib:/opt/ros/jazzy/opt/gz_msgs_vendor/lib:/opt/ros/jazzy/opt/gz_common_vendor/lib:/opt/ros/jazzy/opt/gz_math_vendor/lib:/opt/ros/jazzy/opt/gz_utils_vendor/lib:/opt/ros/jazzy/opt/gz_tools_vendor/lib:/opt/ros/jazzy/opt/gz_ogre_next_vendor/lib:/opt/ros/jazzy/opt/gz_dartsim_vendor/lib:/opt/ros/jazzy/opt/gz_cmake_vendor/lib:/opt/ros/jazzy/lib /usr/bin/cmake /home/farr97/arduinobot_ws/src/arduinobot_remote -DAMENT_CMAKE_SYMLINK_INSTALL=1 -DCMAKE_INSTALL_PREFIX=/home/farr97/arduinobot_ws/install/arduinobot_remote
[5.997s] Invoking command in '/home/farr97/arduinobot_ws/build/arduinobot_remote': CMAKE_PREFIX_PATH=/home/farr97/arduinobot_ws/install/arduinobot_msgs:/home/farr97/arduinobot_ws/install/arduinobot_utils:/home/farr97/arduinobot_ws/install/arduinobot_remote:/home/farr97/arduinobot_ws/install/arduinobot_cpp_examples:/home/farr97/arduinobot_ws/install/arduinobot_moveit:/home/farr97/arduinobot_ws/install/arduinobot_firmware:/home/farr97/arduinobot_ws/install/arduinobot_description:/home/farr97/arduinobot_ws/install/arduinobot_controller:/opt/ros/jazzy/opt/gz_sim_vendor:/opt/ros/jazzy/opt/gz_sensors_vendor:/opt/ros/jazzy/opt/gz_physics_vendor:/opt/ros/jazzy/opt/sdformat_vendor:/opt/ros/jazzy/opt/gz_gui_vendor:/opt/ros/jazzy/opt/gz_transport_vendor:/opt/ros/jazzy/opt/gz_rendering_vendor:/opt/ros/jazzy/opt/gz_plugin_vendor:/opt/ros/jazzy/opt/gz_fuel_tools_vendor:/opt/ros/jazzy/opt/gz_msgs_vendor:/opt/ros/jazzy/opt/gz_common_vendor:/opt/ros/jazzy/opt/gz_math_vendor:/opt/ros/jazzy/opt/gz_utils_vendor:/opt/ros/jazzy/opt/gz_tools_vendor:/opt/ros/jazzy/opt/gz_ogre_next_vendor:/opt/ros/jazzy/opt/gz_dartsim_vendor:/opt/ros/jazzy/opt/gz_cmake_vendor:/opt/ros/jazzy LD_LIBRARY_PATH=/home/farr97/arduinobot_ws/install/arduinobot_msgs/lib:/home/farr97/arduinobot_ws/install/arduinobot_remote/lib:/home/farr97/arduinobot_ws/install/arduinobot_cpp_examples/lib:/opt/ros/jazzy/opt/gz_sim_vendor/lib:/opt/ros/jazzy/opt/gz_sensors_vendor/lib:/opt/ros/jazzy/opt/gz_physics_vendor/lib:/opt/ros/jazzy/opt/sdformat_vendor/lib:/opt/ros/jazzy/opt/rviz_ogre_vendor/lib:/opt/ros/jazzy/lib/x86_64-linux-gnu:/opt/ros/jazzy/opt/gz_gui_vendor/lib:/opt/ros/jazzy/opt/gz_transport_vendor/lib:/opt/ros/jazzy/opt/gz_rendering_vendor/lib:/opt/ros/jazzy/opt/gz_plugin_vendor/lib:/opt/ros/jazzy/opt/gz_fuel_tools_vendor/lib:/opt/ros/jazzy/opt/gz_msgs_vendor/lib:/opt/ros/jazzy/opt/gz_common_vendor/lib:/opt/ros/jazzy/opt/gz_math_vendor/lib:/opt/ros/jazzy/opt/gz_utils_vendor/lib:/opt/ros/jazzy/opt/gz_tools_vendor/lib:/opt/ros/jazzy/opt/gz_ogre_next_vendor/lib:/opt/ros/jazzy/opt/gz_dartsim_vendor/lib:/opt/ros/jazzy/opt/gz_cmake_vendor/lib:/opt/ros/jazzy/lib /usr/bin/cmake --build /home/farr97/arduinobot_ws/build/arduinobot_remote -- -j12 -l12
[6.084s] [ 50%] [32mBuilding CXX object CMakeFiles/task_server.dir/src/task_server.cpp.o[0m
[20.820s] [100%] [32m[1mLinking CXX shared library libtask_server.so[0m
[21.215s] [100%] Built target task_server
[21.225s] Invoked command in '/home/farr97/arduinobot_ws/build/arduinobot_remote' returned '0': CMAKE_PREFIX_PATH=/home/farr97/arduinobot_ws/install/arduinobot_msgs:/home/farr97/arduinobot_ws/install/arduinobot_utils:/home/farr97/arduinobot_ws/install/arduinobot_remote:/home/farr97/arduinobot_ws/install/arduinobot_cpp_examples:/home/farr97/arduinobot_ws/install/arduinobot_moveit:/home/farr97/arduinobot_ws/install/arduinobot_firmware:/home/farr97/arduinobot_ws/install/arduinobot_description:/home/farr97/arduinobot_ws/install/arduinobot_controller:/opt/ros/jazzy/opt/gz_sim_vendor:/opt/ros/jazzy/opt/gz_sensors_vendor:/opt/ros/jazzy/opt/gz_physics_vendor:/opt/ros/jazzy/opt/sdformat_vendor:/opt/ros/jazzy/opt/gz_gui_vendor:/opt/ros/jazzy/opt/gz_transport_vendor:/opt/ros/jazzy/opt/gz_rendering_vendor:/opt/ros/jazzy/opt/gz_plugin_vendor:/opt/ros/jazzy/opt/gz_fuel_tools_vendor:/opt/ros/jazzy/opt/gz_msgs_vendor:/opt/ros/jazzy/opt/gz_common_vendor:/opt/ros/jazzy/opt/gz_math_vendor:/opt/ros/jazzy/opt/gz_utils_vendor:/opt/ros/jazzy/opt/gz_tools_vendor:/opt/ros/jazzy/opt/gz_ogre_next_vendor:/opt/ros/jazzy/opt/gz_dartsim_vendor:/opt/ros/jazzy/opt/gz_cmake_vendor:/opt/ros/jazzy LD_LIBRARY_PATH=/home/farr97/arduinobot_ws/install/arduinobot_msgs/lib:/home/farr97/arduinobot_ws/install/arduinobot_remote/lib:/home/farr97/arduinobot_ws/install/arduinobot_cpp_examples/lib:/opt/ros/jazzy/opt/gz_sim_vendor/lib:/opt/ros/jazzy/opt/gz_sensors_vendor/lib:/opt/ros/jazzy/opt/gz_physics_vendor/lib:/opt/ros/jazzy/opt/sdformat_vendor/lib:/opt/ros/jazzy/opt/rviz_ogre_vendor/lib:/opt/ros/jazzy/lib/x86_64-linux-gnu:/opt/ros/jazzy/opt/gz_gui_vendor/lib:/opt/ros/jazzy/opt/gz_transport_vendor/lib:/opt/ros/jazzy/opt/gz_rendering_vendor/lib:/opt/ros/jazzy/opt/gz_plugin_vendor/lib:/opt/ros/jazzy/opt/gz_fuel_tools_vendor/lib:/opt/ros/jazzy/opt/gz_msgs_vendor/lib:/opt/ros/jazzy/opt/gz_common_vendor/lib:/opt/ros/jazzy/opt/gz_math_vendor/lib:/opt/ros/jazzy/opt/gz_utils_vendor/lib:/opt/ros/jazzy/opt/gz_tools_vendor/lib:/opt/ros/jazzy/opt/gz_ogre_next_vendor/lib:/opt/ros/jazzy/opt/gz_dartsim_vendor/lib:/opt/ros/jazzy/opt/gz_cmake_vendor/lib:/opt/ros/jazzy/lib /usr/bin/cmake --build /home/farr97/arduinobot_ws/build/arduinobot_remote -- -j12 -l12
[21.245s] Invoking command in '/home/farr97/arduinobot_ws/build/arduinobot_remote': CMAKE_PREFIX_PATH=/home/farr97/arduinobot_ws/install/arduinobot_msgs:/home/farr97/arduinobot_ws/install/arduinobot_utils:/home/farr97/arduinobot_ws/install/arduinobot_remote:/home/farr97/arduinobot_ws/install/arduinobot_cpp_examples:/home/farr97/arduinobot_ws/install/arduinobot_moveit:/home/farr97/arduinobot_ws/install/arduinobot_firmware:/home/farr97/arduinobot_ws/install/arduinobot_description:/home/farr97/arduinobot_ws/install/arduinobot_controller:/opt/ros/jazzy/opt/gz_sim_vendor:/opt/ros/jazzy/opt/gz_sensors_vendor:/opt/ros/jazzy/opt/gz_physics_vendor:/opt/ros/jazzy/opt/sdformat_vendor:/opt/ros/jazzy/opt/gz_gui_vendor:/opt/ros/jazzy/opt/gz_transport_vendor:/opt/ros/jazzy/opt/gz_rendering_vendor:/opt/ros/jazzy/opt/gz_plugin_vendor:/opt/ros/jazzy/opt/gz_fuel_tools_vendor:/opt/ros/jazzy/opt/gz_msgs_vendor:/opt/ros/jazzy/opt/gz_common_vendor:/opt/ros/jazzy/opt/gz_math_vendor:/opt/ros/jazzy/opt/gz_utils_vendor:/opt/ros/jazzy/opt/gz_tools_vendor:/opt/ros/jazzy/opt/gz_ogre_next_vendor:/opt/ros/jazzy/opt/gz_dartsim_vendor:/opt/ros/jazzy/opt/gz_cmake_vendor:/opt/ros/jazzy LD_LIBRARY_PATH=/home/farr97/arduinobot_ws/install/arduinobot_msgs/lib:/home/farr97/arduinobot_ws/install/arduinobot_remote/lib:/home/farr97/arduinobot_ws/install/arduinobot_cpp_examples/lib:/opt/ros/jazzy/opt/gz_sim_vendor/lib:/opt/ros/jazzy/opt/gz_sensors_vendor/lib:/opt/ros/jazzy/opt/gz_physics_vendor/lib:/opt/ros/jazzy/opt/sdformat_vendor/lib:/opt/ros/jazzy/opt/rviz_ogre_vendor/lib:/opt/ros/jazzy/lib/x86_64-linux-gnu:/opt/ros/jazzy/opt/gz_gui_vendor/lib:/opt/ros/jazzy/opt/gz_transport_vendor/lib:/opt/ros/jazzy/opt/gz_rendering_vendor/lib:/opt/ros/jazzy/opt/gz_plugin_vendor/lib:/opt/ros/jazzy/opt/gz_fuel_tools_vendor/lib:/opt/ros/jazzy/opt/gz_msgs_vendor/lib:/opt/ros/jazzy/opt/gz_common_vendor/lib:/opt/ros/jazzy/opt/gz_math_vendor/lib:/opt/ros/jazzy/opt/gz_utils_vendor/lib:/opt/ros/jazzy/opt/gz_tools_vendor/lib:/opt/ros/jazzy/opt/gz_ogre_next_vendor/lib:/opt/ros/jazzy/opt/gz_dartsim_vendor/lib:/opt/ros/jazzy/opt/gz_cmake_vendor/lib:/opt/ros/jazzy/lib /usr/bin/cmake --install /home/farr97/arduinobot_ws/build/arduinobot_remote
[21.251s] -- Install configuration: ""
[21.252s] -- Execute custom install script
[21.252s] -- Symlinking: /home/farr97/arduinobot_ws/install/arduinobot_remote/lib/libtask_server.so
[21.260s] -- Symlinking: /home/farr97/arduinobot_ws/install/arduinobot_remote/share/ament_index/resource_index/package_run_dependencies/arduinobot_remote
[21.268s] -- Symlinking: /home/farr97/arduinobot_ws/install/arduinobot_remote/share/ament_index/resource_index/parent_prefix_path/arduinobot_remote
[21.278s] -- Symlinking: /home/farr97/arduinobot_ws/install/arduinobot_remote/share/arduinobot_remote/environment/ament_prefix_path.sh
[21.287s] -- Symlinking: /home/farr97/arduinobot_ws/install/arduinobot_remote/share/arduinobot_remote/environment/ament_prefix_path.dsv
[21.296s] -- Symlinking: /home/farr97/arduinobot_ws/install/arduinobot_remote/share/arduinobot_remote/environment/path.sh
[21.305s] -- Symlinking: /home/farr97/arduinobot_ws/install/arduinobot_remote/share/arduinobot_remote/environment/path.dsv
[21.312s] -- Symlinking: /home/farr97/arduinobot_ws/install/arduinobot_remote/share/arduinobot_remote/local_setup.bash
[21.321s] -- Symlinking: /home/farr97/arduinobot_ws/install/arduinobot_remote/share/arduinobot_remote/local_setup.sh
[21.328s] -- Symlinking: /home/farr97/arduinobot_ws/install/arduinobot_remote/share/arduinobot_remote/local_setup.zsh
[21.336s] -- Symlinking: /home/farr97/arduinobot_ws/install/arduinobot_remote/share/arduinobot_remote/local_setup.dsv
[21.344s] -- Symlinking: /home/farr97/arduinobot_ws/install/arduinobot_remote/share/arduinobot_remote/package.dsv
[21.351s] -- Symlinking: /home/farr97/arduinobot_ws/install/arduinobot_remote/share/ament_index/resource_index/packages/arduinobot_remote
[21.359s] -- Symlinking: /home/farr97/arduinobot_ws/install/arduinobot_remote/share/ament_index/resource_index/rclcpp_components/arduinobot_remote
[21.368s] -- Symlinking: /home/farr97/arduinobot_ws/install/arduinobot_remote/share/arduinobot_remote/cmake/arduinobot_remoteConfig.cmake
[21.377s] -- Symlinking: /home/farr97/arduinobot_ws/install/arduinobot_remote/share/arduinobot_remote/cmake/arduinobot_remoteConfig-version.cmake
[21.385s] -- Symlinking: /home/farr97/arduinobot_ws/install/arduinobot_remote/share/arduinobot_remote/package.xml
[21.396s] Invoked command in '/home/farr97/arduinobot_ws/build/arduinobot_remote' returned '0': CMAKE_PREFIX_PATH=/home/farr97/arduinobot_ws/install/arduinobot_msgs:/home/farr97/arduinobot_ws/install/arduinobot_utils:/home/farr97/arduinobot_ws/install/arduinobot_remote:/home/farr97/arduinobot_ws/install/arduinobot_cpp_examples:/home/farr97/arduinobot_ws/install/arduinobot_moveit:/home/farr97/arduinobot_ws/install/arduinobot_firmware:/home/farr97/arduinobot_ws/install/arduinobot_description:/home/farr97/arduinobot_ws/install/arduinobot_controller:/opt/ros/jazzy/opt/gz_sim_vendor:/opt/ros/jazzy/opt/gz_sensors_vendor:/opt/ros/jazzy/opt/gz_physics_vendor:/opt/ros/jazzy/opt/sdformat_vendor:/opt/ros/jazzy/opt/gz_gui_vendor:/opt/ros/jazzy/opt/gz_transport_vendor:/opt/ros/jazzy/opt/gz_rendering_vendor:/opt/ros/jazzy/opt/gz_plugin_vendor:/opt/ros/jazzy/opt/gz_fuel_tools_vendor:/opt/ros/jazzy/opt/gz_msgs_vendor:/opt/ros/jazzy/opt/gz_common_vendor:/opt/ros/jazzy/opt/gz_math_vendor:/opt/ros/jazzy/opt/gz_utils_vendor:/opt/ros/jazzy/opt/gz_tools_vendor:/opt/ros/jazzy/opt/gz_ogre_next_vendor:/opt/ros/jazzy/opt/gz_dartsim_vendor:/opt/ros/jazzy/opt/gz_cmake_vendor:/opt/ros/jazzy LD_LIBRARY_PATH=/home/farr97/arduinobot_ws/install/arduinobot_msgs/lib:/home/farr97/arduinobot_ws/install/arduinobot_remote/lib:/home/farr97/arduinobot_ws/install/arduinobot_cpp_examples/lib:/opt/ros/jazzy/opt/gz_sim_vendor/lib:/opt/ros/jazzy/opt/gz_sensors_vendor/lib:/opt/ros/jazzy/opt/gz_physics_vendor/lib:/opt/ros/jazzy/opt/sdformat_vendor/lib:/opt/ros/jazzy/opt/rviz_ogre_vendor/lib:/opt/ros/jazzy/lib/x86_64-linux-gnu:/opt/ros/jazzy/opt/gz_gui_vendor/lib:/opt/ros/jazzy/opt/gz_transport_vendor/lib:/opt/ros/jazzy/opt/gz_rendering_vendor/lib:/opt/ros/jazzy/opt/gz_plugin_vendor/lib:/opt/ros/jazzy/opt/gz_fuel_tools_vendor/lib:/opt/ros/jazzy/opt/gz_msgs_vendor/lib:/opt/ros/jazzy/opt/gz_common_vendor/lib:/opt/ros/jazzy/opt/gz_math_vendor/lib:/opt/ros/jazzy/opt/gz_utils_vendor/lib:/opt/ros/jazzy/opt/gz_tools_vendor/lib:/opt/ros/jazzy/opt/gz_ogre_next_vendor/lib:/opt/ros/jazzy/opt/gz_dartsim_vendor/lib:/opt/ros/jazzy/opt/gz_cmake_vendor/lib:/opt/ros/jazzy/lib /usr/bin/cmake --install /home/farr97/arduinobot_ws/build/arduinobot_remote
