[0.044s] Invoking command in '/home/farr97/arduinobot_ws/build/arduinobot_moveit': CMAKE_PREFIX_PATH=${CMAKE_PREFIX_PATH}:/opt/ros/jazzy /usr/bin/cmake /home/farr97/arduinobot_ws/src/arduinobot_moveit -DAMENT_CMAKE_SYMLINK_INSTALL=1 -DCMAKE_INSTALL_PREFIX=/home/farr97/arduinobot_ws/install/arduinobot_moveit
[0.206s] -- The C compiler identification is GNU 13.2.0
[0.862s] -- The CXX compiler identification is GNU 13.2.0
[1.703s] -- Detecting C compiler ABI info
[1.937s] -- Detecting C compiler ABI info - done
[1.948s] -- Check for working C compiler: /usr/bin/cc - skipped
[1.949s] -- Detecting C compile features
[1.949s] -- Detecting C compile features - done
[2.071s] -- Detecting CXX compiler ABI info
[2.296s] -- Detecting CXX compiler ABI info - done
[2.307s] -- Check for working CXX compiler: /usr/bin/c++ - skipped
[2.308s] -- Detecting CXX compile features
[2.308s] -- Detecting CXX compile features - done
[2.312s] -- Found ament_cmake: 2.5.2 (/opt/ros/jazzy/share/ament_cmake/cmake)
[2.462s] -- Found Python3: /usr/bin/python3 (found version "3.12.3") found components: Interpreter 
[2.541s] -- Override CMake install command with custom implementation using symlinks instead of copying resources
[2.590s] -- Found ament_lint_auto: 0.17.1 (/opt/ros/jazzy/share/ament_lint_auto/cmake)
[2.704s] -- Added test 'flake8' to check Python code syntax and style conventions
[2.704s] -- Configured 'flake8' exclude dirs and/or files: 
[2.705s] -- Added test 'lint_cmake' to check CMake code style
[2.706s] -- Added test 'pep257' to check Python code against some of the docstring style conventions in PEP 257
[2.708s] -- Added test 'xmllint' to check XML markup files
[2.711s] -- Configuring done (2.7s)
[2.714s] -- Generating done (0.0s)
[2.715s] -- Build files have been written to: /home/farr97/arduinobot_ws/build/arduinobot_moveit
[2.720s] Invoked command in '/home/farr97/arduinobot_ws/build/arduinobot_moveit' returned '0': CMAKE_PREFIX_PATH=${CMAKE_PREFIX_PATH}:/opt/ros/jazzy /usr/bin/cmake /home/farr97/arduinobot_ws/src/arduinobot_moveit -DAMENT_CMAKE_SYMLINK_INSTALL=1 -DCMAKE_INSTALL_PREFIX=/home/farr97/arduinobot_ws/install/arduinobot_moveit
[2.721s] Invoking command in '/home/farr97/arduinobot_ws/build/arduinobot_moveit': CMAKE_PREFIX_PATH=${CMAKE_PREFIX_PATH}:/opt/ros/jazzy /usr/bin/cmake --build /home/farr97/arduinobot_ws/build/arduinobot_moveit -- -j12 -l12
[2.762s] Invoked command in '/home/farr97/arduinobot_ws/build/arduinobot_moveit' returned '0': CMAKE_PREFIX_PATH=${CMAKE_PREFIX_PATH}:/opt/ros/jazzy /usr/bin/cmake --build /home/farr97/arduinobot_ws/build/arduinobot_moveit -- -j12 -l12
[2.782s] Invoking command in '/home/farr97/arduinobot_ws/build/arduinobot_moveit': CMAKE_PREFIX_PATH=${CMAKE_PREFIX_PATH}:/opt/ros/jazzy /usr/bin/cmake --install /home/farr97/arduinobot_ws/build/arduinobot_moveit
[2.789s] -- Install configuration: ""
[2.790s] -- Execute custom install script
[2.791s] -- Symlinking: /home/farr97/arduinobot_ws/install/arduinobot_moveit/share/arduinobot_moveit/launch/moveit.launch.py
[2.801s] -- Symlinking: /home/farr97/arduinobot_ws/install/arduinobot_moveit/share/arduinobot_moveit/config/arduinobot.srdf
[2.810s] -- Symlinking: /home/farr97/arduinobot_ws/install/arduinobot_moveit/share/arduinobot_moveit/config/initial_positions.yaml
[2.817s] -- Symlinking: /home/farr97/arduinobot_ws/install/arduinobot_moveit/share/arduinobot_moveit/config/joint_limits.yaml
[2.827s] -- Symlinking: /home/farr97/arduinobot_ws/install/arduinobot_moveit/share/arduinobot_moveit/config/kinematics.yaml
[2.834s] -- Symlinking: /home/farr97/arduinobot_ws/install/arduinobot_moveit/share/arduinobot_moveit/config/moveit_controllers.yaml
[2.841s] -- Symlinking: /home/farr97/arduinobot_ws/install/arduinobot_moveit/share/arduinobot_moveit/config/ompl_planning.yaml
[2.848s] -- Symlinking: /home/farr97/arduinobot_ws/install/arduinobot_moveit/share/arduinobot_moveit/config/pilz_cartesian_limits.yaml
[2.855s] -- Symlinking: /home/farr97/arduinobot_ws/install/arduinobot_moveit/share/arduinobot_moveit/config/pilz_planning.yaml
[2.864s] -- Symlinking: /home/farr97/arduinobot_ws/install/arduinobot_moveit/share/arduinobot_moveit/config/planning.yaml
[2.873s] -- Symlinking: /home/farr97/arduinobot_ws/install/arduinobot_moveit/share/ament_index/resource_index/package_run_dependencies/arduinobot_moveit
[2.882s] -- Symlinking: /home/farr97/arduinobot_ws/install/arduinobot_moveit/share/ament_index/resource_index/parent_prefix_path/arduinobot_moveit
[2.890s] -- Symlinking: /home/farr97/arduinobot_ws/install/arduinobot_moveit/share/arduinobot_moveit/environment/ament_prefix_path.sh
[2.897s] -- Symlinking: /home/farr97/arduinobot_ws/install/arduinobot_moveit/share/arduinobot_moveit/environment/ament_prefix_path.dsv
[2.904s] -- Symlinking: /home/farr97/arduinobot_ws/install/arduinobot_moveit/share/arduinobot_moveit/environment/path.sh
[2.914s] -- Symlinking: /home/farr97/arduinobot_ws/install/arduinobot_moveit/share/arduinobot_moveit/environment/path.dsv
[2.920s] -- Symlinking: /home/farr97/arduinobot_ws/install/arduinobot_moveit/share/arduinobot_moveit/local_setup.bash
[2.928s] -- Symlinking: /home/farr97/arduinobot_ws/install/arduinobot_moveit/share/arduinobot_moveit/local_setup.sh
[2.935s] -- Symlinking: /home/farr97/arduinobot_ws/install/arduinobot_moveit/share/arduinobot_moveit/local_setup.zsh
[2.944s] -- Symlinking: /home/farr97/arduinobot_ws/install/arduinobot_moveit/share/arduinobot_moveit/local_setup.dsv
[2.952s] -- Symlinking: /home/farr97/arduinobot_ws/install/arduinobot_moveit/share/arduinobot_moveit/package.dsv
[2.959s] -- Symlinking: /home/farr97/arduinobot_ws/install/arduinobot_moveit/share/ament_index/resource_index/packages/arduinobot_moveit
[2.967s] -- Symlinking: /home/farr97/arduinobot_ws/install/arduinobot_moveit/share/arduinobot_moveit/cmake/arduinobot_moveitConfig.cmake
[2.975s] -- Symlinking: /home/farr97/arduinobot_ws/install/arduinobot_moveit/share/arduinobot_moveit/cmake/arduinobot_moveitConfig-version.cmake
[2.983s] -- Symlinking: /home/farr97/arduinobot_ws/install/arduinobot_moveit/share/arduinobot_moveit/package.xml
[2.994s] Invoked command in '/home/farr97/arduinobot_ws/build/arduinobot_moveit' returned '0': CMAKE_PREFIX_PATH=${CMAKE_PREFIX_PATH}:/opt/ros/jazzy /usr/bin/cmake --install /home/farr97/arduinobot_ws/build/arduinobot_moveit
