-- The C compiler identification is GNU 13.2.0
-- The CXX compiler identification is GNU 13.2.0
-- Detecting C compiler ABI info
-- Detecting C compiler ABI info - done
-- Check for working C compiler: /usr/bin/cc - skipped
-- Detecting C compile features
-- Detecting C compile features - done
-- Detecting CXX compiler ABI info
-- Detecting CXX compiler ABI info - done
-- Check for working CXX compiler: /usr/bin/c++ - skipped
-- Detecting CXX compile features
-- Detecting CXX compile features - done
-- Found ament_cmake: 2.5.2 (/opt/ros/jazzy/share/ament_cmake/cmake)
-- Found Python3: /usr/bin/python3 (found version "3.12.3") found components: Interpreter 
-- Override CMake install command with custom implementation using symlinks instead of copying resources
-- Found tf2: 0.36.4 (/opt/ros/jazzy/share/tf2/cmake)
-- Found rosidl_generator_c: 4.6.4 (/opt/ros/jazzy/share/rosidl_generator_c/cmake)
-- Found rosidl_generator_cpp: 4.6.4 (/opt/ros/jazzy/share/rosidl_generator_cpp/cmake)
-- Using all available rosidl_typesupport_c: rosidl_typesupport_fastrtps_c;rosidl_typesupport_introspection_c
-- Using all available rosidl_typesupport_cpp: rosidl_typesupport_fastrtps_cpp;rosidl_typesupport_introspection_cpp
-- Found tf2_ros: 0.36.4 (/opt/ros/jazzy/share/tf2_ros/cmake)
-- Found rmw_implementation_cmake: 7.3.1 (/opt/ros/jazzy/share/rmw_implementation_cmake/cmake)
-- Found rmw_cyclonedds_cpp: 2.2.2 (/opt/ros/jazzy/share/rmw_cyclonedds_cpp/cmake)
-- Using RMW implementation 'rmw_cyclonedds_cpp' as default
-- Found arduinobot_msgs: 0.0.0 (/home/farr97/arduinobot_ws/install/arduinobot_msgs/share/arduinobot_msgs/cmake)
-- Found ament_lint_auto: 0.17.1 (/opt/ros/jazzy/share/ament_lint_auto/cmake)
-- Added test 'cppcheck' to perform static code analysis on C / C++ code
-- Configured cppcheck include dirs: 
-- Configured cppcheck exclude dirs and/or files: 
-- Added test 'lint_cmake' to check CMake code style
-- Added test 'uncrustify' to check C / C++ code style
-- Configured uncrustify additional arguments: 
-- Added test 'xmllint' to check XML markup files
-- Configuring done (3.2s)
-- Generating done (0.0s)
-- Build files have been written to: /home/farr97/arduinobot_ws/build/arduinobot_utils
[ 50%] [32mBuilding CXX object CMakeFiles/angle_conversion.dir/src/angle_conversion.cpp.o[0m
[100%] [32m[1mLinking CXX executable angle_conversion[0m
[100%] Built target angle_conversion
-- Install configuration: ""
-- Execute custom install script
-- Symlinking: /home/farr97/arduinobot_ws/install/arduinobot_utils/lib/arduinobot_utils/angle_conversion
-- Symlinking: /home/farr97/arduinobot_ws/install/arduinobot_utils/share/ament_index/resource_index/package_run_dependencies/arduinobot_utils
-- Symlinking: /home/farr97/arduinobot_ws/install/arduinobot_utils/share/ament_index/resource_index/parent_prefix_path/arduinobot_utils
-- Symlinking: /home/farr97/arduinobot_ws/install/arduinobot_utils/share/arduinobot_utils/environment/ament_prefix_path.sh
-- Symlinking: /home/farr97/arduinobot_ws/install/arduinobot_utils/share/arduinobot_utils/environment/ament_prefix_path.dsv
-- Symlinking: /home/farr97/arduinobot_ws/install/arduinobot_utils/share/arduinobot_utils/environment/path.sh
-- Symlinking: /home/farr97/arduinobot_ws/install/arduinobot_utils/share/arduinobot_utils/environment/path.dsv
-- Symlinking: /home/farr97/arduinobot_ws/install/arduinobot_utils/share/arduinobot_utils/local_setup.bash
-- Symlinking: /home/farr97/arduinobot_ws/install/arduinobot_utils/share/arduinobot_utils/local_setup.sh
-- Symlinking: /home/farr97/arduinobot_ws/install/arduinobot_utils/share/arduinobot_utils/local_setup.zsh
-- Symlinking: /home/farr97/arduinobot_ws/install/arduinobot_utils/share/arduinobot_utils/local_setup.dsv
-- Symlinking: /home/farr97/arduinobot_ws/install/arduinobot_utils/share/arduinobot_utils/package.dsv
-- Symlinking: /home/farr97/arduinobot_ws/install/arduinobot_utils/share/ament_index/resource_index/packages/arduinobot_utils
-- Symlinking: /home/farr97/arduinobot_ws/install/arduinobot_utils/share/arduinobot_utils/cmake/arduinobot_utilsConfig.cmake
-- Symlinking: /home/farr97/arduinobot_ws/install/arduinobot_utils/share/arduinobot_utils/cmake/arduinobot_utilsConfig-version.cmake
-- Symlinking: /home/farr97/arduinobot_ws/install/arduinobot_utils/share/arduinobot_utils/package.xml
