[0.156s] Invoking command in '/home/farr97/arduinobot_ws/build/arduinobot_utils': CMAKE_PREFIX_PATH=/home/farr97/arduinobot_ws/install/arduinobot_msgs:/home/farr97/arduinobot_ws/install/arduinobot_utils:/home/farr97/arduinobot_ws/install/arduinobot_remote:/home/farr97/arduinobot_ws/install/arduinobot_cpp_examples:/home/farr97/arduinobot_ws/install/arduinobot_moveit:/home/farr97/arduinobot_ws/install/arduinobot_firmware:/home/farr97/arduinobot_ws/install/arduinobot_description:/home/farr97/arduinobot_ws/install/arduinobot_controller:/opt/ros/jazzy/opt/gz_sim_vendor:/opt/ros/jazzy/opt/gz_sensors_vendor:/opt/ros/jazzy/opt/gz_physics_vendor:/opt/ros/jazzy/opt/sdformat_vendor:/opt/ros/jazzy/opt/gz_gui_vendor:/opt/ros/jazzy/opt/gz_transport_vendor:/opt/ros/jazzy/opt/gz_rendering_vendor:/opt/ros/jazzy/opt/gz_plugin_vendor:/opt/ros/jazzy/opt/gz_fuel_tools_vendor:/opt/ros/jazzy/opt/gz_msgs_vendor:/opt/ros/jazzy/opt/gz_common_vendor:/opt/ros/jazzy/opt/gz_math_vendor:/opt/ros/jazzy/opt/gz_utils_vendor:/opt/ros/jazzy/opt/gz_tools_vendor:/opt/ros/jazzy/opt/gz_ogre_next_vendor:/opt/ros/jazzy/opt/gz_dartsim_vendor:/opt/ros/jazzy/opt/gz_cmake_vendor:/opt/ros/jazzy LD_LIBRARY_PATH=/home/farr97/arduinobot_ws/install/arduinobot_msgs/lib:/home/farr97/arduinobot_ws/install/arduinobot_remote/lib:/home/farr97/arduinobot_ws/install/arduinobot_cpp_examples/lib:/opt/ros/jazzy/opt/gz_sim_vendor/lib:/opt/ros/jazzy/opt/gz_sensors_vendor/lib:/opt/ros/jazzy/opt/gz_physics_vendor/lib:/opt/ros/jazzy/opt/sdformat_vendor/lib:/opt/ros/jazzy/opt/rviz_ogre_vendor/lib:/opt/ros/jazzy/lib/x86_64-linux-gnu:/opt/ros/jazzy/opt/gz_gui_vendor/lib:/opt/ros/jazzy/opt/gz_transport_vendor/lib:/opt/ros/jazzy/opt/gz_rendering_vendor/lib:/opt/ros/jazzy/opt/gz_plugin_vendor/lib:/opt/ros/jazzy/opt/gz_fuel_tools_vendor/lib:/opt/ros/jazzy/opt/gz_msgs_vendor/lib:/opt/ros/jazzy/opt/gz_common_vendor/lib:/opt/ros/jazzy/opt/gz_math_vendor/lib:/opt/ros/jazzy/opt/gz_utils_vendor/lib:/opt/ros/jazzy/opt/gz_tools_vendor/lib:/opt/ros/jazzy/opt/gz_ogre_next_vendor/lib:/opt/ros/jazzy/opt/gz_dartsim_vendor/lib:/opt/ros/jazzy/opt/gz_cmake_vendor/lib:/opt/ros/jazzy/lib /usr/bin/cmake /home/farr97/arduinobot_ws/src/arduinobot_utils -DAMENT_CMAKE_SYMLINK_INSTALL=1 -DCMAKE_INSTALL_PREFIX=/home/farr97/arduinobot_ws/install/arduinobot_utils
[0.288s] -- The C compiler identification is GNU 13.2.0
[1.085s] -- The CXX compiler identification is GNU 13.2.0
[1.597s] -- Detecting C compiler ABI info
[1.874s] -- Detecting C compiler ABI info - done
[1.883s] -- Check for working C compiler: /usr/bin/cc - skipped
[1.883s] -- Detecting C compile features
[1.884s] -- Detecting C compile features - done
[1.987s] -- Detecting CXX compiler ABI info
[2.235s] -- Detecting CXX compiler ABI info - done
[2.245s] -- Check for working CXX compiler: /usr/bin/c++ - skipped
[2.245s] -- Detecting CXX compile features
[2.245s] -- Detecting CXX compile features - done
[2.249s] -- Found ament_cmake: 2.5.2 (/opt/ros/jazzy/share/ament_cmake/cmake)
[2.404s] -- Found Python3: /usr/bin/python3 (found version "3.12.3") found components: Interpreter 
[2.481s] -- Override CMake install command with custom implementation using symlinks instead of copying resources
[2.529s] -- Found tf2: 0.36.4 (/opt/ros/jazzy/share/tf2/cmake)
[2.722s] -- Found rosidl_generator_c: 4.6.4 (/opt/ros/jazzy/share/rosidl_generator_c/cmake)
[2.736s] -- Found rosidl_generator_cpp: 4.6.4 (/opt/ros/jazzy/share/rosidl_generator_cpp/cmake)
[2.753s] -- Using all available rosidl_typesupport_c: rosidl_typesupport_fastrtps_c;rosidl_typesupport_introspection_c
[2.772s] -- Using all available rosidl_typesupport_cpp: rosidl_typesupport_fastrtps_cpp;rosidl_typesupport_introspection_cpp
[2.829s] -- Found tf2_ros: 0.36.4 (/opt/ros/jazzy/share/tf2_ros/cmake)
[2.944s] -- Found rmw_implementation_cmake: 7.3.1 (/opt/ros/jazzy/share/rmw_implementation_cmake/cmake)
[2.947s] -- Found rmw_cyclonedds_cpp: 2.2.2 (/opt/ros/jazzy/share/rmw_cyclonedds_cpp/cmake)
[3.102s] -- Using RMW implementation 'rmw_cyclonedds_cpp' as default
[3.257s] -- Found arduinobot_msgs: 0.0.0 (/home/farr97/arduinobot_ws/install/arduinobot_msgs/share/arduinobot_msgs/cmake)
[3.283s] -- Found ament_lint_auto: 0.17.1 (/opt/ros/jazzy/share/ament_lint_auto/cmake)
[3.399s] -- Added test 'cppcheck' to perform static code analysis on C / C++ code
[3.399s] -- Configured cppcheck include dirs: 
[3.399s] -- Configured cppcheck exclude dirs and/or files: 
[3.401s] -- Added test 'lint_cmake' to check CMake code style
[3.402s] -- Added test 'uncrustify' to check C / C++ code style
[3.402s] -- Configured uncrustify additional arguments: 
[3.403s] -- Added test 'xmllint' to check XML markup files
[3.405s] -- Configuring done (3.2s)
[3.419s] -- Generating done (0.0s)
[3.421s] -- Build files have been written to: /home/farr97/arduinobot_ws/build/arduinobot_utils
[3.434s] Invoked command in '/home/farr97/arduinobot_ws/build/arduinobot_utils' returned '0': CMAKE_PREFIX_PATH=/home/farr97/arduinobot_ws/install/arduinobot_msgs:/home/farr97/arduinobot_ws/install/arduinobot_utils:/home/farr97/arduinobot_ws/install/arduinobot_remote:/home/farr97/arduinobot_ws/install/arduinobot_cpp_examples:/home/farr97/arduinobot_ws/install/arduinobot_moveit:/home/farr97/arduinobot_ws/install/arduinobot_firmware:/home/farr97/arduinobot_ws/install/arduinobot_description:/home/farr97/arduinobot_ws/install/arduinobot_controller:/opt/ros/jazzy/opt/gz_sim_vendor:/opt/ros/jazzy/opt/gz_sensors_vendor:/opt/ros/jazzy/opt/gz_physics_vendor:/opt/ros/jazzy/opt/sdformat_vendor:/opt/ros/jazzy/opt/gz_gui_vendor:/opt/ros/jazzy/opt/gz_transport_vendor:/opt/ros/jazzy/opt/gz_rendering_vendor:/opt/ros/jazzy/opt/gz_plugin_vendor:/opt/ros/jazzy/opt/gz_fuel_tools_vendor:/opt/ros/jazzy/opt/gz_msgs_vendor:/opt/ros/jazzy/opt/gz_common_vendor:/opt/ros/jazzy/opt/gz_math_vendor:/opt/ros/jazzy/opt/gz_utils_vendor:/opt/ros/jazzy/opt/gz_tools_vendor:/opt/ros/jazzy/opt/gz_ogre_next_vendor:/opt/ros/jazzy/opt/gz_dartsim_vendor:/opt/ros/jazzy/opt/gz_cmake_vendor:/opt/ros/jazzy LD_LIBRARY_PATH=/home/farr97/arduinobot_ws/install/arduinobot_msgs/lib:/home/farr97/arduinobot_ws/install/arduinobot_remote/lib:/home/farr97/arduinobot_ws/install/arduinobot_cpp_examples/lib:/opt/ros/jazzy/opt/gz_sim_vendor/lib:/opt/ros/jazzy/opt/gz_sensors_vendor/lib:/opt/ros/jazzy/opt/gz_physics_vendor/lib:/opt/ros/jazzy/opt/sdformat_vendor/lib:/opt/ros/jazzy/opt/rviz_ogre_vendor/lib:/opt/ros/jazzy/lib/x86_64-linux-gnu:/opt/ros/jazzy/opt/gz_gui_vendor/lib:/opt/ros/jazzy/opt/gz_transport_vendor/lib:/opt/ros/jazzy/opt/gz_rendering_vendor/lib:/opt/ros/jazzy/opt/gz_plugin_vendor/lib:/opt/ros/jazzy/opt/gz_fuel_tools_vendor/lib:/opt/ros/jazzy/opt/gz_msgs_vendor/lib:/opt/ros/jazzy/opt/gz_common_vendor/lib:/opt/ros/jazzy/opt/gz_math_vendor/lib:/opt/ros/jazzy/opt/gz_utils_vendor/lib:/opt/ros/jazzy/opt/gz_tools_vendor/lib:/opt/ros/jazzy/opt/gz_ogre_next_vendor/lib:/opt/ros/jazzy/opt/gz_dartsim_vendor/lib:/opt/ros/jazzy/opt/gz_cmake_vendor/lib:/opt/ros/jazzy/lib /usr/bin/cmake /home/farr97/arduinobot_ws/src/arduinobot_utils -DAMENT_CMAKE_SYMLINK_INSTALL=1 -DCMAKE_INSTALL_PREFIX=/home/farr97/arduinobot_ws/install/arduinobot_utils
[3.436s] Invoking command in '/home/farr97/arduinobot_ws/build/arduinobot_utils': CMAKE_PREFIX_PATH=/home/farr97/arduinobot_ws/install/arduinobot_msgs:/home/farr97/arduinobot_ws/install/arduinobot_utils:/home/farr97/arduinobot_ws/install/arduinobot_remote:/home/farr97/arduinobot_ws/install/arduinobot_cpp_examples:/home/farr97/arduinobot_ws/install/arduinobot_moveit:/home/farr97/arduinobot_ws/install/arduinobot_firmware:/home/farr97/arduinobot_ws/install/arduinobot_description:/home/farr97/arduinobot_ws/install/arduinobot_controller:/opt/ros/jazzy/opt/gz_sim_vendor:/opt/ros/jazzy/opt/gz_sensors_vendor:/opt/ros/jazzy/opt/gz_physics_vendor:/opt/ros/jazzy/opt/sdformat_vendor:/opt/ros/jazzy/opt/gz_gui_vendor:/opt/ros/jazzy/opt/gz_transport_vendor:/opt/ros/jazzy/opt/gz_rendering_vendor:/opt/ros/jazzy/opt/gz_plugin_vendor:/opt/ros/jazzy/opt/gz_fuel_tools_vendor:/opt/ros/jazzy/opt/gz_msgs_vendor:/opt/ros/jazzy/opt/gz_common_vendor:/opt/ros/jazzy/opt/gz_math_vendor:/opt/ros/jazzy/opt/gz_utils_vendor:/opt/ros/jazzy/opt/gz_tools_vendor:/opt/ros/jazzy/opt/gz_ogre_next_vendor:/opt/ros/jazzy/opt/gz_dartsim_vendor:/opt/ros/jazzy/opt/gz_cmake_vendor:/opt/ros/jazzy LD_LIBRARY_PATH=/home/farr97/arduinobot_ws/install/arduinobot_msgs/lib:/home/farr97/arduinobot_ws/install/arduinobot_remote/lib:/home/farr97/arduinobot_ws/install/arduinobot_cpp_examples/lib:/opt/ros/jazzy/opt/gz_sim_vendor/lib:/opt/ros/jazzy/opt/gz_sensors_vendor/lib:/opt/ros/jazzy/opt/gz_physics_vendor/lib:/opt/ros/jazzy/opt/sdformat_vendor/lib:/opt/ros/jazzy/opt/rviz_ogre_vendor/lib:/opt/ros/jazzy/lib/x86_64-linux-gnu:/opt/ros/jazzy/opt/gz_gui_vendor/lib:/opt/ros/jazzy/opt/gz_transport_vendor/lib:/opt/ros/jazzy/opt/gz_rendering_vendor/lib:/opt/ros/jazzy/opt/gz_plugin_vendor/lib:/opt/ros/jazzy/opt/gz_fuel_tools_vendor/lib:/opt/ros/jazzy/opt/gz_msgs_vendor/lib:/opt/ros/jazzy/opt/gz_common_vendor/lib:/opt/ros/jazzy/opt/gz_math_vendor/lib:/opt/ros/jazzy/opt/gz_utils_vendor/lib:/opt/ros/jazzy/opt/gz_tools_vendor/lib:/opt/ros/jazzy/opt/gz_ogre_next_vendor/lib:/opt/ros/jazzy/opt/gz_dartsim_vendor/lib:/opt/ros/jazzy/opt/gz_cmake_vendor/lib:/opt/ros/jazzy/lib /usr/bin/cmake --build /home/farr97/arduinobot_ws/build/arduinobot_utils -- -j12 -l12
[3.480s] [ 50%] [32mBuilding CXX object CMakeFiles/angle_conversion.dir/src/angle_conversion.cpp.o[0m
[10.378s] [100%] [32m[1mLinking CXX executable angle_conversion[0m
[10.843s] [100%] Built target angle_conversion
[10.890s] Invoked command in '/home/farr97/arduinobot_ws/build/arduinobot_utils' returned '0': CMAKE_PREFIX_PATH=/home/farr97/arduinobot_ws/install/arduinobot_msgs:/home/farr97/arduinobot_ws/install/arduinobot_utils:/home/farr97/arduinobot_ws/install/arduinobot_remote:/home/farr97/arduinobot_ws/install/arduinobot_cpp_examples:/home/farr97/arduinobot_ws/install/arduinobot_moveit:/home/farr97/arduinobot_ws/install/arduinobot_firmware:/home/farr97/arduinobot_ws/install/arduinobot_description:/home/farr97/arduinobot_ws/install/arduinobot_controller:/opt/ros/jazzy/opt/gz_sim_vendor:/opt/ros/jazzy/opt/gz_sensors_vendor:/opt/ros/jazzy/opt/gz_physics_vendor:/opt/ros/jazzy/opt/sdformat_vendor:/opt/ros/jazzy/opt/gz_gui_vendor:/opt/ros/jazzy/opt/gz_transport_vendor:/opt/ros/jazzy/opt/gz_rendering_vendor:/opt/ros/jazzy/opt/gz_plugin_vendor:/opt/ros/jazzy/opt/gz_fuel_tools_vendor:/opt/ros/jazzy/opt/gz_msgs_vendor:/opt/ros/jazzy/opt/gz_common_vendor:/opt/ros/jazzy/opt/gz_math_vendor:/opt/ros/jazzy/opt/gz_utils_vendor:/opt/ros/jazzy/opt/gz_tools_vendor:/opt/ros/jazzy/opt/gz_ogre_next_vendor:/opt/ros/jazzy/opt/gz_dartsim_vendor:/opt/ros/jazzy/opt/gz_cmake_vendor:/opt/ros/jazzy LD_LIBRARY_PATH=/home/farr97/arduinobot_ws/install/arduinobot_msgs/lib:/home/farr97/arduinobot_ws/install/arduinobot_remote/lib:/home/farr97/arduinobot_ws/install/arduinobot_cpp_examples/lib:/opt/ros/jazzy/opt/gz_sim_vendor/lib:/opt/ros/jazzy/opt/gz_sensors_vendor/lib:/opt/ros/jazzy/opt/gz_physics_vendor/lib:/opt/ros/jazzy/opt/sdformat_vendor/lib:/opt/ros/jazzy/opt/rviz_ogre_vendor/lib:/opt/ros/jazzy/lib/x86_64-linux-gnu:/opt/ros/jazzy/opt/gz_gui_vendor/lib:/opt/ros/jazzy/opt/gz_transport_vendor/lib:/opt/ros/jazzy/opt/gz_rendering_vendor/lib:/opt/ros/jazzy/opt/gz_plugin_vendor/lib:/opt/ros/jazzy/opt/gz_fuel_tools_vendor/lib:/opt/ros/jazzy/opt/gz_msgs_vendor/lib:/opt/ros/jazzy/opt/gz_common_vendor/lib:/opt/ros/jazzy/opt/gz_math_vendor/lib:/opt/ros/jazzy/opt/gz_utils_vendor/lib:/opt/ros/jazzy/opt/gz_tools_vendor/lib:/opt/ros/jazzy/opt/gz_ogre_next_vendor/lib:/opt/ros/jazzy/opt/gz_dartsim_vendor/lib:/opt/ros/jazzy/opt/gz_cmake_vendor/lib:/opt/ros/jazzy/lib /usr/bin/cmake --build /home/farr97/arduinobot_ws/build/arduinobot_utils -- -j12 -l12
[10.967s] Invoking command in '/home/farr97/arduinobot_ws/build/arduinobot_utils': CMAKE_PREFIX_PATH=/home/farr97/arduinobot_ws/install/arduinobot_msgs:/home/farr97/arduinobot_ws/install/arduinobot_utils:/home/farr97/arduinobot_ws/install/arduinobot_remote:/home/farr97/arduinobot_ws/install/arduinobot_cpp_examples:/home/farr97/arduinobot_ws/install/arduinobot_moveit:/home/farr97/arduinobot_ws/install/arduinobot_firmware:/home/farr97/arduinobot_ws/install/arduinobot_description:/home/farr97/arduinobot_ws/install/arduinobot_controller:/opt/ros/jazzy/opt/gz_sim_vendor:/opt/ros/jazzy/opt/gz_sensors_vendor:/opt/ros/jazzy/opt/gz_physics_vendor:/opt/ros/jazzy/opt/sdformat_vendor:/opt/ros/jazzy/opt/gz_gui_vendor:/opt/ros/jazzy/opt/gz_transport_vendor:/opt/ros/jazzy/opt/gz_rendering_vendor:/opt/ros/jazzy/opt/gz_plugin_vendor:/opt/ros/jazzy/opt/gz_fuel_tools_vendor:/opt/ros/jazzy/opt/gz_msgs_vendor:/opt/ros/jazzy/opt/gz_common_vendor:/opt/ros/jazzy/opt/gz_math_vendor:/opt/ros/jazzy/opt/gz_utils_vendor:/opt/ros/jazzy/opt/gz_tools_vendor:/opt/ros/jazzy/opt/gz_ogre_next_vendor:/opt/ros/jazzy/opt/gz_dartsim_vendor:/opt/ros/jazzy/opt/gz_cmake_vendor:/opt/ros/jazzy LD_LIBRARY_PATH=/home/farr97/arduinobot_ws/install/arduinobot_msgs/lib:/home/farr97/arduinobot_ws/install/arduinobot_remote/lib:/home/farr97/arduinobot_ws/install/arduinobot_cpp_examples/lib:/opt/ros/jazzy/opt/gz_sim_vendor/lib:/opt/ros/jazzy/opt/gz_sensors_vendor/lib:/opt/ros/jazzy/opt/gz_physics_vendor/lib:/opt/ros/jazzy/opt/sdformat_vendor/lib:/opt/ros/jazzy/opt/rviz_ogre_vendor/lib:/opt/ros/jazzy/lib/x86_64-linux-gnu:/opt/ros/jazzy/opt/gz_gui_vendor/lib:/opt/ros/jazzy/opt/gz_transport_vendor/lib:/opt/ros/jazzy/opt/gz_rendering_vendor/lib:/opt/ros/jazzy/opt/gz_plugin_vendor/lib:/opt/ros/jazzy/opt/gz_fuel_tools_vendor/lib:/opt/ros/jazzy/opt/gz_msgs_vendor/lib:/opt/ros/jazzy/opt/gz_common_vendor/lib:/opt/ros/jazzy/opt/gz_math_vendor/lib:/opt/ros/jazzy/opt/gz_utils_vendor/lib:/opt/ros/jazzy/opt/gz_tools_vendor/lib:/opt/ros/jazzy/opt/gz_ogre_next_vendor/lib:/opt/ros/jazzy/opt/gz_dartsim_vendor/lib:/opt/ros/jazzy/opt/gz_cmake_vendor/lib:/opt/ros/jazzy/lib /usr/bin/cmake --install /home/farr97/arduinobot_ws/build/arduinobot_utils
[10.977s] -- Install configuration: ""
[10.978s] -- Execute custom install script
[10.979s] -- Symlinking: /home/farr97/arduinobot_ws/install/arduinobot_utils/lib/arduinobot_utils/angle_conversion
[10.995s] -- Symlinking: /home/farr97/arduinobot_ws/install/arduinobot_utils/share/ament_index/resource_index/package_run_dependencies/arduinobot_utils
[11.010s] -- Symlinking: /home/farr97/arduinobot_ws/install/arduinobot_utils/share/ament_index/resource_index/parent_prefix_path/arduinobot_utils
[11.023s] -- Symlinking: /home/farr97/arduinobot_ws/install/arduinobot_utils/share/arduinobot_utils/environment/ament_prefix_path.sh
[11.035s] -- Symlinking: /home/farr97/arduinobot_ws/install/arduinobot_utils/share/arduinobot_utils/environment/ament_prefix_path.dsv
[11.048s] -- Symlinking: /home/farr97/arduinobot_ws/install/arduinobot_utils/share/arduinobot_utils/environment/path.sh
[11.060s] -- Symlinking: /home/farr97/arduinobot_ws/install/arduinobot_utils/share/arduinobot_utils/environment/path.dsv
[11.073s] -- Symlinking: /home/farr97/arduinobot_ws/install/arduinobot_utils/share/arduinobot_utils/local_setup.bash
[11.087s] -- Symlinking: /home/farr97/arduinobot_ws/install/arduinobot_utils/share/arduinobot_utils/local_setup.sh
[11.100s] -- Symlinking: /home/farr97/arduinobot_ws/install/arduinobot_utils/share/arduinobot_utils/local_setup.zsh
[11.114s] -- Symlinking: /home/farr97/arduinobot_ws/install/arduinobot_utils/share/arduinobot_utils/local_setup.dsv
[11.130s] -- Symlinking: /home/farr97/arduinobot_ws/install/arduinobot_utils/share/arduinobot_utils/package.dsv
[11.149s] -- Symlinking: /home/farr97/arduinobot_ws/install/arduinobot_utils/share/ament_index/resource_index/packages/arduinobot_utils
[11.165s] -- Symlinking: /home/farr97/arduinobot_ws/install/arduinobot_utils/share/arduinobot_utils/cmake/arduinobot_utilsConfig.cmake
[11.178s] -- Symlinking: /home/farr97/arduinobot_ws/install/arduinobot_utils/share/arduinobot_utils/cmake/arduinobot_utilsConfig-version.cmake
[11.193s] -- Symlinking: /home/farr97/arduinobot_ws/install/arduinobot_utils/share/arduinobot_utils/package.xml
[11.218s] Invoked command in '/home/farr97/arduinobot_ws/build/arduinobot_utils' returned '0': CMAKE_PREFIX_PATH=/home/farr97/arduinobot_ws/install/arduinobot_msgs:/home/farr97/arduinobot_ws/install/arduinobot_utils:/home/farr97/arduinobot_ws/install/arduinobot_remote:/home/farr97/arduinobot_ws/install/arduinobot_cpp_examples:/home/farr97/arduinobot_ws/install/arduinobot_moveit:/home/farr97/arduinobot_ws/install/arduinobot_firmware:/home/farr97/arduinobot_ws/install/arduinobot_description:/home/farr97/arduinobot_ws/install/arduinobot_controller:/opt/ros/jazzy/opt/gz_sim_vendor:/opt/ros/jazzy/opt/gz_sensors_vendor:/opt/ros/jazzy/opt/gz_physics_vendor:/opt/ros/jazzy/opt/sdformat_vendor:/opt/ros/jazzy/opt/gz_gui_vendor:/opt/ros/jazzy/opt/gz_transport_vendor:/opt/ros/jazzy/opt/gz_rendering_vendor:/opt/ros/jazzy/opt/gz_plugin_vendor:/opt/ros/jazzy/opt/gz_fuel_tools_vendor:/opt/ros/jazzy/opt/gz_msgs_vendor:/opt/ros/jazzy/opt/gz_common_vendor:/opt/ros/jazzy/opt/gz_math_vendor:/opt/ros/jazzy/opt/gz_utils_vendor:/opt/ros/jazzy/opt/gz_tools_vendor:/opt/ros/jazzy/opt/gz_ogre_next_vendor:/opt/ros/jazzy/opt/gz_dartsim_vendor:/opt/ros/jazzy/opt/gz_cmake_vendor:/opt/ros/jazzy LD_LIBRARY_PATH=/home/farr97/arduinobot_ws/install/arduinobot_msgs/lib:/home/farr97/arduinobot_ws/install/arduinobot_remote/lib:/home/farr97/arduinobot_ws/install/arduinobot_cpp_examples/lib:/opt/ros/jazzy/opt/gz_sim_vendor/lib:/opt/ros/jazzy/opt/gz_sensors_vendor/lib:/opt/ros/jazzy/opt/gz_physics_vendor/lib:/opt/ros/jazzy/opt/sdformat_vendor/lib:/opt/ros/jazzy/opt/rviz_ogre_vendor/lib:/opt/ros/jazzy/lib/x86_64-linux-gnu:/opt/ros/jazzy/opt/gz_gui_vendor/lib:/opt/ros/jazzy/opt/gz_transport_vendor/lib:/opt/ros/jazzy/opt/gz_rendering_vendor/lib:/opt/ros/jazzy/opt/gz_plugin_vendor/lib:/opt/ros/jazzy/opt/gz_fuel_tools_vendor/lib:/opt/ros/jazzy/opt/gz_msgs_vendor/lib:/opt/ros/jazzy/opt/gz_common_vendor/lib:/opt/ros/jazzy/opt/gz_math_vendor/lib:/opt/ros/jazzy/opt/gz_utils_vendor/lib:/opt/ros/jazzy/opt/gz_tools_vendor/lib:/opt/ros/jazzy/opt/gz_ogre_next_vendor/lib:/opt/ros/jazzy/opt/gz_dartsim_vendor/lib:/opt/ros/jazzy/opt/gz_cmake_vendor/lib:/opt/ros/jazzy/lib /usr/bin/cmake --install /home/farr97/arduinobot_ws/build/arduinobot_utils
