[0.028s] Invoking command in '/home/farr97/arduinobot_ws/build/arduinobot_controller': CMAKE_PREFIX_PATH=${CMAKE_PREFIX_PATH}:/opt/ros/jazzy /usr/bin/cmake /home/farr97/arduinobot_ws/src/arduinobot_controller -DCMAKE_INSTALL_PREFIX=/home/farr97/arduinobot_ws/install/arduinobot_controller
[0.068s] -- Found ament_cmake: 2.5.2 (/opt/ros/jazzy/share/ament_cmake/cmake)
[0.304s] -- Override CMake install command with custom implementation using symlinks instead of copying resources
[0.311s] -- Found ament_lint_auto: 0.17.1 (/opt/ros/jazzy/share/ament_lint_auto/cmake)
[0.439s] -- Added test 'flake8' to check Python code syntax and style conventions
[0.439s] -- Configured 'flake8' exclude dirs and/or files: 
[0.439s] -- Added test 'lint_cmake' to check CMake code style
[0.439s] -- Added test 'pep257' to check Python code against some of the docstring style conventions in PEP 257
[0.440s] -- Added test 'xmllint' to check XML markup files
[0.442s] -- Configuring done (0.4s)
[0.446s] -- Generating done (0.0s)
[0.447s] -- Build files have been written to: /home/farr97/arduinobot_ws/build/arduinobot_controller
[0.451s] Invoked command in '/home/farr97/arduinobot_ws/build/arduinobot_controller' returned '0': CMAKE_PREFIX_PATH=${CMAKE_PREFIX_PATH}:/opt/ros/jazzy /usr/bin/cmake /home/farr97/arduinobot_ws/src/arduinobot_controller -DCMAKE_INSTALL_PREFIX=/home/farr97/arduinobot_ws/install/arduinobot_controller
[0.452s] Invoking command in '/home/farr97/arduinobot_ws/build/arduinobot_controller': CMAKE_PREFIX_PATH=${CMAKE_PREFIX_PATH}:/opt/ros/jazzy /usr/bin/cmake --build /home/farr97/arduinobot_ws/build/arduinobot_controller -- -j12 -l12
[0.498s] Invoked command in '/home/farr97/arduinobot_ws/build/arduinobot_controller' returned '0': CMAKE_PREFIX_PATH=${CMAKE_PREFIX_PATH}:/opt/ros/jazzy /usr/bin/cmake --build /home/farr97/arduinobot_ws/build/arduinobot_controller -- -j12 -l12
[0.529s] Invoking command in '/home/farr97/arduinobot_ws/build/arduinobot_controller': CMAKE_PREFIX_PATH=${CMAKE_PREFIX_PATH}:/opt/ros/jazzy /usr/bin/cmake --install /home/farr97/arduinobot_ws/build/arduinobot_controller
[0.537s] -- Install configuration: ""
[0.537s] -- Execute custom install script
[0.539s] -- Up-to-date symlink: /home/farr97/arduinobot_ws/install/arduinobot_controller/share/arduinobot_controller/config/arduinobot_controllers.yaml
[0.540s] -- Up-to-date symlink: /home/farr97/arduinobot_ws/install/arduinobot_controller/share/arduinobot_controller/config/bridge_parameter.yaml
[0.540s] -- Up-to-date symlink: /home/farr97/arduinobot_ws/install/arduinobot_controller/share/arduinobot_controller/launch/controller.launch.py
[0.540s] -- Up-to-date symlink: /home/farr97/arduinobot_ws/install/arduinobot_controller/share/ament_index/resource_index/package_run_dependencies/arduinobot_controller
[0.541s] -- Up-to-date symlink: /home/farr97/arduinobot_ws/install/arduinobot_controller/share/ament_index/resource_index/parent_prefix_path/arduinobot_controller
[0.541s] -- Up-to-date symlink: /home/farr97/arduinobot_ws/install/arduinobot_controller/share/arduinobot_controller/environment/ament_prefix_path.sh
[0.541s] -- Up-to-date symlink: /home/farr97/arduinobot_ws/install/arduinobot_controller/share/arduinobot_controller/environment/ament_prefix_path.dsv
[0.541s] -- Up-to-date symlink: /home/farr97/arduinobot_ws/install/arduinobot_controller/share/arduinobot_controller/environment/path.sh
[0.541s] -- Up-to-date symlink: /home/farr97/arduinobot_ws/install/arduinobot_controller/share/arduinobot_controller/environment/path.dsv
[0.541s] -- Up-to-date symlink: /home/farr97/arduinobot_ws/install/arduinobot_controller/share/arduinobot_controller/local_setup.bash
[0.541s] -- Up-to-date symlink: /home/farr97/arduinobot_ws/install/arduinobot_controller/share/arduinobot_controller/local_setup.sh
[0.541s] -- Up-to-date symlink: /home/farr97/arduinobot_ws/install/arduinobot_controller/share/arduinobot_controller/local_setup.zsh
[0.541s] -- Up-to-date symlink: /home/farr97/arduinobot_ws/install/arduinobot_controller/share/arduinobot_controller/local_setup.dsv
[0.542s] -- Symlinking: /home/farr97/arduinobot_ws/install/arduinobot_controller/share/arduinobot_controller/package.dsv
[0.550s] -- Up-to-date symlink: /home/farr97/arduinobot_ws/install/arduinobot_controller/share/ament_index/resource_index/packages/arduinobot_controller
[0.551s] -- Up-to-date symlink: /home/farr97/arduinobot_ws/install/arduinobot_controller/share/arduinobot_controller/cmake/arduinobot_controllerConfig.cmake
[0.551s] -- Up-to-date symlink: /home/farr97/arduinobot_ws/install/arduinobot_controller/share/arduinobot_controller/cmake/arduinobot_controllerConfig-version.cmake
[0.551s] -- Up-to-date symlink: /home/farr97/arduinobot_ws/install/arduinobot_controller/share/arduinobot_controller/package.xml
[0.553s] Invoked command in '/home/farr97/arduinobot_ws/build/arduinobot_controller' returned '0': CMAKE_PREFIX_PATH=${CMAKE_PREFIX_PATH}:/opt/ros/jazzy /usr/bin/cmake --install /home/farr97/arduinobot_ws/build/arduinobot_controller
