[0.019s] Invoking command in '/home/farr97/arduinobot_ws/build/arduinobot_controller': CMAKE_PREFIX_PATH=${CMAKE_PREFIX_PATH}:/opt/ros/jazzy /usr/bin/cmake /home/farr97/arduinobot_ws/src/arduinobot_controller -DAMENT_CMAKE_SYMLINK_INSTALL=1 -DCMAKE_INSTALL_PREFIX=/home/farr97/arduinobot_ws/install/arduinobot_controller
[0.146s] -- The C compiler identification is GNU 13.2.0
[0.861s] -- The CXX compiler identification is GNU 13.2.0
[1.618s] -- Detecting C compiler ABI info
[1.897s] -- Detecting C compiler ABI info - done
[1.904s] -- Check for working C compiler: /usr/bin/cc - skipped
[1.905s] -- Detecting C compile features
[1.905s] -- Detecting C compile features - done
[1.980s] -- Detecting CXX compiler ABI info
[2.260s] -- Detecting CXX compiler ABI info - done
[2.268s] -- Check for working CXX compiler: /usr/bin/c++ - skipped
[2.269s] -- Detecting CXX compile features
[2.269s] -- Detecting CXX compile features - done
[2.272s] -- Found ament_cmake: 2.5.2 (/opt/ros/jazzy/share/ament_cmake/cmake)
[2.423s] -- Found Python3: /usr/bin/python3 (found version "3.12.3") found components: Interpreter 
[2.518s] -- Override CMake install command with custom implementation using symlinks instead of copying resources
[2.573s] -- Found ament_lint_auto: 0.17.1 (/opt/ros/jazzy/share/ament_lint_auto/cmake)
[2.688s] -- Added test 'flake8' to check Python code syntax and style conventions
[2.688s] -- Configured 'flake8' exclude dirs and/or files: 
[2.689s] -- Added test 'lint_cmake' to check CMake code style
[2.690s] -- Added test 'pep257' to check Python code against some of the docstring style conventions in PEP 257
[2.691s] -- Added test 'xmllint' to check XML markup files
[2.693s] -- Configuring done (2.7s)
[2.696s] -- Generating done (0.0s)
[2.697s] -- Build files have been written to: /home/farr97/arduinobot_ws/build/arduinobot_controller
[2.704s] Invoked command in '/home/farr97/arduinobot_ws/build/arduinobot_controller' returned '0': CMAKE_PREFIX_PATH=${CMAKE_PREFIX_PATH}:/opt/ros/jazzy /usr/bin/cmake /home/farr97/arduinobot_ws/src/arduinobot_controller -DAMENT_CMAKE_SYMLINK_INSTALL=1 -DCMAKE_INSTALL_PREFIX=/home/farr97/arduinobot_ws/install/arduinobot_controller
[2.707s] Invoking command in '/home/farr97/arduinobot_ws/build/arduinobot_controller': CMAKE_PREFIX_PATH=${CMAKE_PREFIX_PATH}:/opt/ros/jazzy /usr/bin/cmake --build /home/farr97/arduinobot_ws/build/arduinobot_controller -- -j12 -l12
[2.743s] Invoked command in '/home/farr97/arduinobot_ws/build/arduinobot_controller' returned '0': CMAKE_PREFIX_PATH=${CMAKE_PREFIX_PATH}:/opt/ros/jazzy /usr/bin/cmake --build /home/farr97/arduinobot_ws/build/arduinobot_controller -- -j12 -l12
[2.768s] Invoking command in '/home/farr97/arduinobot_ws/build/arduinobot_controller': CMAKE_PREFIX_PATH=${CMAKE_PREFIX_PATH}:/opt/ros/jazzy /usr/bin/cmake --install /home/farr97/arduinobot_ws/build/arduinobot_controller
[2.774s] -- Install configuration: ""
[2.774s] -- Execute custom install script
[2.775s] -- Symlinking: /home/farr97/arduinobot_ws/install/arduinobot_controller/share/arduinobot_controller/config/arduinobot_controllers.yaml
[2.782s] -- Symlinking: /home/farr97/arduinobot_ws/install/arduinobot_controller/share/arduinobot_controller/config/bridge_parameter.yaml
[2.790s] -- Symlinking: /home/farr97/arduinobot_ws/install/arduinobot_controller/share/arduinobot_controller/launch/controller.launch.py
[2.797s] -- Symlinking: /home/farr97/arduinobot_ws/install/arduinobot_controller/share/ament_index/resource_index/package_run_dependencies/arduinobot_controller
[2.805s] -- Symlinking: /home/farr97/arduinobot_ws/install/arduinobot_controller/share/ament_index/resource_index/parent_prefix_path/arduinobot_controller
[2.812s] -- Symlinking: /home/farr97/arduinobot_ws/install/arduinobot_controller/share/arduinobot_controller/environment/ament_prefix_path.sh
[2.819s] -- Symlinking: /home/farr97/arduinobot_ws/install/arduinobot_controller/share/arduinobot_controller/environment/ament_prefix_path.dsv
[2.828s] -- Symlinking: /home/farr97/arduinobot_ws/install/arduinobot_controller/share/arduinobot_controller/environment/path.sh
[2.835s] -- Symlinking: /home/farr97/arduinobot_ws/install/arduinobot_controller/share/arduinobot_controller/environment/path.dsv
[2.843s] -- Symlinking: /home/farr97/arduinobot_ws/install/arduinobot_controller/share/arduinobot_controller/local_setup.bash
[2.850s] -- Symlinking: /home/farr97/arduinobot_ws/install/arduinobot_controller/share/arduinobot_controller/local_setup.sh
[2.857s] -- Symlinking: /home/farr97/arduinobot_ws/install/arduinobot_controller/share/arduinobot_controller/local_setup.zsh
[2.865s] -- Symlinking: /home/farr97/arduinobot_ws/install/arduinobot_controller/share/arduinobot_controller/local_setup.dsv
[2.874s] -- Symlinking: /home/farr97/arduinobot_ws/install/arduinobot_controller/share/arduinobot_controller/package.dsv
[2.883s] -- Symlinking: /home/farr97/arduinobot_ws/install/arduinobot_controller/share/ament_index/resource_index/packages/arduinobot_controller
[2.892s] -- Symlinking: /home/farr97/arduinobot_ws/install/arduinobot_controller/share/arduinobot_controller/cmake/arduinobot_controllerConfig.cmake
[2.899s] -- Symlinking: /home/farr97/arduinobot_ws/install/arduinobot_controller/share/arduinobot_controller/cmake/arduinobot_controllerConfig-version.cmake
[2.907s] -- Symlinking: /home/farr97/arduinobot_ws/install/arduinobot_controller/share/arduinobot_controller/package.xml
[2.916s] Invoked command in '/home/farr97/arduinobot_ws/build/arduinobot_controller' returned '0': CMAKE_PREFIX_PATH=${CMAKE_PREFIX_PATH}:/opt/ros/jazzy /usr/bin/cmake --install /home/farr97/arduinobot_ws/build/arduinobot_controller
