[0.016s] Invoking command in '/home/farr97/arduinobot_ws/build/arduinobot_firmware': CMAKE_PREFIX_PATH=${CMAKE_PREFIX_PATH}:/opt/ros/jazzy /usr/bin/cmake /home/farr97/arduinobot_ws/src/arduinobot_firmware -DAMENT_CMAKE_SYMLINK_INSTALL=1 -DCMAKE_INSTALL_PREFIX=/home/farr97/arduinobot_ws/install/arduinobot_firmware
[0.182s] -- The C compiler identification is GNU 13.2.0
[0.952s] -- The CXX compiler identification is GNU 13.2.0
[1.748s] -- Detecting C compiler ABI info
[1.988s] -- Detecting C compiler ABI info - done
[1.997s] -- Check for working C compiler: /usr/bin/cc - skipped
[1.997s] -- Detecting C compile features
[1.998s] -- Detecting C compile features - done
[2.089s] -- Detecting CXX compiler ABI info
[2.343s] -- Detecting CXX compiler ABI info - done
[2.350s] -- Check for working CXX compiler: /usr/bin/c++ - skipped
[2.351s] -- Detecting CXX compile features
[2.351s] -- Detecting CXX compile features - done
[2.356s] -- Found ament_cmake: 2.5.2 (/opt/ros/jazzy/share/ament_cmake/cmake)
[2.515s] -- Found Python3: /usr/bin/python3 (found version "3.12.3") found components: Interpreter 
[2.603s] -- Override CMake install command with custom implementation using symlinks instead of copying resources
[2.648s] -- Found rclcpp: 28.1.5 (/opt/ros/jazzy/share/rclcpp/cmake)
[2.847s] -- Found rosidl_generator_c: 4.6.4 (/opt/ros/jazzy/share/rosidl_generator_c/cmake)
[2.864s] -- Found rosidl_generator_cpp: 4.6.4 (/opt/ros/jazzy/share/rosidl_generator_cpp/cmake)
[2.886s] -- Using all available rosidl_typesupport_c: rosidl_typesupport_fastrtps_c;rosidl_typesupport_introspection_c
[2.911s] -- Using all available rosidl_typesupport_cpp: rosidl_typesupport_fastrtps_cpp;rosidl_typesupport_introspection_cpp
[3.007s] -- Found rmw_implementation_cmake: 7.3.1 (/opt/ros/jazzy/share/rmw_implementation_cmake/cmake)
[3.012s] -- Found rmw_cyclonedds_cpp: 2.2.2 (/opt/ros/jazzy/share/rmw_cyclonedds_cpp/cmake)
[3.176s] -- Using RMW implementation 'rmw_cyclonedds_cpp' as default
[3.244s] -- Found std_msgs: 5.3.5 (/opt/ros/jazzy/share/std_msgs/cmake)
[3.355s] -- Found ament_lint_auto: 0.17.1 (/opt/ros/jazzy/share/ament_lint_auto/cmake)
[3.464s] -- Added test 'cppcheck' to perform static code analysis on C / C++ code
[3.464s] -- Configured cppcheck include dirs: 
[3.464s] -- Configured cppcheck exclude dirs and/or files: 
[3.465s] -- Added test 'lint_cmake' to check CMake code style
[3.466s] -- Added test 'uncrustify' to check C / C++ code style
[3.467s] -- Configured uncrustify additional arguments: 
[3.467s] -- Added test 'xmllint' to check XML markup files
[3.469s] -- Configuring done (3.4s)
[3.478s] -- Generating done (0.0s)
[3.479s] -- Build files have been written to: /home/farr97/arduinobot_ws/build/arduinobot_firmware
[3.487s] Invoked command in '/home/farr97/arduinobot_ws/build/arduinobot_firmware' returned '0': CMAKE_PREFIX_PATH=${CMAKE_PREFIX_PATH}:/opt/ros/jazzy /usr/bin/cmake /home/farr97/arduinobot_ws/src/arduinobot_firmware -DAMENT_CMAKE_SYMLINK_INSTALL=1 -DCMAKE_INSTALL_PREFIX=/home/farr97/arduinobot_ws/install/arduinobot_firmware
[3.488s] Invoking command in '/home/farr97/arduinobot_ws/build/arduinobot_firmware': CMAKE_PREFIX_PATH=${CMAKE_PREFIX_PATH}:/opt/ros/jazzy /usr/bin/cmake --build /home/farr97/arduinobot_ws/build/arduinobot_firmware -- -j12 -l12
[3.534s] [ 50%] [32mBuilding CXX object CMakeFiles/serial_transmitter.dir/src/serial_transmitter.cpp.o[0m
[13.247s] [100%] [32m[1mLinking CXX executable serial_transmitter[0m
[13.574s] [100%] Built target serial_transmitter
[13.583s] Invoked command in '/home/farr97/arduinobot_ws/build/arduinobot_firmware' returned '0': CMAKE_PREFIX_PATH=${CMAKE_PREFIX_PATH}:/opt/ros/jazzy /usr/bin/cmake --build /home/farr97/arduinobot_ws/build/arduinobot_firmware -- -j12 -l12
[13.604s] Invoking command in '/home/farr97/arduinobot_ws/build/arduinobot_firmware': CMAKE_PREFIX_PATH=${CMAKE_PREFIX_PATH}:/opt/ros/jazzy /usr/bin/cmake --install /home/farr97/arduinobot_ws/build/arduinobot_firmware
[13.610s] -- Install configuration: ""
[13.611s] -- Execute custom install script
[13.611s] -- Symlinking: /home/farr97/arduinobot_ws/install/arduinobot_firmware/lib/arduinobot_firmware/serial_transmitter
[13.618s] -- Symlinking: /home/farr97/arduinobot_ws/install/arduinobot_firmware/share/ament_index/resource_index/package_run_dependencies/arduinobot_firmware
[13.625s] -- Symlinking: /home/farr97/arduinobot_ws/install/arduinobot_firmware/share/ament_index/resource_index/parent_prefix_path/arduinobot_firmware
[13.632s] -- Symlinking: /home/farr97/arduinobot_ws/install/arduinobot_firmware/share/arduinobot_firmware/environment/ament_prefix_path.sh
[13.640s] -- Symlinking: /home/farr97/arduinobot_ws/install/arduinobot_firmware/share/arduinobot_firmware/environment/ament_prefix_path.dsv
[13.648s] -- Symlinking: /home/farr97/arduinobot_ws/install/arduinobot_firmware/share/arduinobot_firmware/environment/path.sh
[13.655s] -- Symlinking: /home/farr97/arduinobot_ws/install/arduinobot_firmware/share/arduinobot_firmware/environment/path.dsv
[13.663s] -- Symlinking: /home/farr97/arduinobot_ws/install/arduinobot_firmware/share/arduinobot_firmware/local_setup.bash
[13.671s] -- Symlinking: /home/farr97/arduinobot_ws/install/arduinobot_firmware/share/arduinobot_firmware/local_setup.sh
[13.679s] -- Symlinking: /home/farr97/arduinobot_ws/install/arduinobot_firmware/share/arduinobot_firmware/local_setup.zsh
[13.685s] -- Symlinking: /home/farr97/arduinobot_ws/install/arduinobot_firmware/share/arduinobot_firmware/local_setup.dsv
[13.693s] -- Symlinking: /home/farr97/arduinobot_ws/install/arduinobot_firmware/share/arduinobot_firmware/package.dsv
[13.700s] -- Symlinking: /home/farr97/arduinobot_ws/install/arduinobot_firmware/share/ament_index/resource_index/packages/arduinobot_firmware
[13.708s] -- Symlinking: /home/farr97/arduinobot_ws/install/arduinobot_firmware/share/arduinobot_firmware/cmake/arduinobot_firmwareConfig.cmake
[13.716s] -- Symlinking: /home/farr97/arduinobot_ws/install/arduinobot_firmware/share/arduinobot_firmware/cmake/arduinobot_firmwareConfig-version.cmake
[13.723s] -- Symlinking: /home/farr97/arduinobot_ws/install/arduinobot_firmware/share/arduinobot_firmware/package.xml
[13.732s] Invoked command in '/home/farr97/arduinobot_ws/build/arduinobot_firmware' returned '0': CMAKE_PREFIX_PATH=${CMAKE_PREFIX_PATH}:/opt/ros/jazzy /usr/bin/cmake --install /home/farr97/arduinobot_ws/build/arduinobot_firmware
